0 verbose cli /usr/local/nvm/versions/node/v18.12.1/bin/node /usr/local/nvm/versions/node/v18.12.1/bin/npm
1 info using npm@9.6.2
2 info using node@v18.12.1
3 timing npm:load:whichnode Completed in 1ms
4 timing config:load:defaults Completed in 2ms
5 timing config:load:file:/usr/local/nvm/versions/node/v18.12.1/lib/node_modules/npm/npmrc Completed in 0ms
6 timing config:load:builtin Completed in 0ms
7 timing config:load:cli Completed in 2ms
8 timing config:load:env Completed in 0ms
9 timing config:load:file:/home/user113/events-app/external/.npmrc Completed in 0ms
10 timing config:load:project Completed in 1ms
11 timing config:load:file:/home/user113/.npmrc Completed in 1ms
12 timing config:load:user Completed in 1ms
13 timing config:load:file:/usr/local/nvm/versions/node/v18.12.1/etc/npmrc Completed in 0ms
14 timing config:load:global Completed in 0ms
15 timing config:load:setEnvs Completed in 1ms
16 timing config:load Completed in 8ms
17 timing npm:load:configload Completed in 9ms
18 timing npm:load:mkdirpcache Completed in 1ms
19 timing npm:load:mkdirplogs Completed in 0ms
20 verbose title npm install
21 verbose argv "install"
22 timing npm:load:setTitle Completed in 1ms
23 timing config:load:flatten Completed in 3ms
24 timing npm:load:display Completed in 4ms
25 verbose logfile logs-max:10 dir:/home/user113/.npm/_logs/2023-04-04T04_43_29_316Z-
26 verbose logfile /home/user113/.npm/_logs/2023-04-04T04_43_29_316Z-debug-0.log
27 timing npm:load:logFile Completed in 6ms
28 timing npm:load:timers Completed in 0ms
29 timing npm:load:configScope Completed in 0ms
30 timing npm:load Completed in 22ms
31 timing arborist:ctor Completed in 1ms
32 silly logfile done cleaning log files
33 timing idealTree:init Completed in 323ms
34 timing idealTree:userRequests Completed in 0ms
35 silly idealTree buildDeps
36 timing idealTree:#root Completed in 0ms
37 timing idealTree:buildDeps Completed in 2ms
38 timing idealTree:fixDepFlags Completed in 0ms
39 timing idealTree Completed in 334ms
40 timing reify:loadTrees Completed in 351ms
41 timing reify:diffTrees Completed in 5ms
42 silly reify moves {}
43 timing reify:retireShallow Completed in 2ms
44 timing reify:createSparse Completed in 43ms
45 timing reify:loadBundles Completed in 0ms
46 silly audit bulk request {
46 silly audit   '@ampproject/remapping': [ '2.1.2' ],
46 silly audit   '@babel/code-frame': [ '7.16.7' ],
46 silly audit   '@babel/compat-data': [ '7.17.0' ],
46 silly audit   '@babel/core': [ '7.17.5' ],
46 silly audit   debug: [ '4.3.3', '2.6.9', '3.2.6', '4.1.1' ],
46 silly audit   ms: [ '2.1.2', '2.0.0', '2.1.3', '2.1.1' ],
46 silly audit   semver: [ '6.3.0', '5.7.1' ],
46 silly audit   '@babel/generator': [ '7.17.3' ],
46 silly audit   'source-map': [ '0.5.7', '0.6.1' ],
46 silly audit   '@babel/helper-compilation-targets': [ '7.16.7' ],
46 silly audit   '@babel/helper-environment-visitor': [ '7.16.7' ],
46 silly audit   '@babel/helper-function-name': [ '7.16.7' ],
46 silly audit   '@babel/helper-get-function-arity': [ '7.16.7' ],
46 silly audit   '@babel/helper-hoist-variables': [ '7.16.7' ],
46 silly audit   '@babel/helper-module-imports': [ '7.16.7' ],
46 silly audit   '@babel/helper-module-transforms': [ '7.17.6' ],
46 silly audit   '@babel/helper-simple-access': [ '7.16.7' ],
46 silly audit   '@babel/helper-split-export-declaration': [ '7.16.7' ],
46 silly audit   '@babel/helper-validator-identifier': [ '7.16.7' ],
46 silly audit   '@babel/helper-validator-option': [ '7.16.7' ],
46 silly audit   '@babel/helpers': [ '7.17.2' ],
46 silly audit   '@babel/highlight': [ '7.16.10' ],
46 silly audit   'ansi-styles': [ '3.2.1', '4.3.0' ],
46 silly audit   chalk: [ '2.4.2', '4.1.2' ],
46 silly audit   'color-convert': [ '1.9.3', '2.0.1' ],
46 silly audit   'color-name': [ '1.1.3', '1.1.4' ],
46 silly audit   'escape-string-regexp': [ '1.0.5', '4.0.0' ],
46 silly audit   'has-flag': [ '3.0.0', '4.0.0' ],
46 silly audit   'supports-color': [ '5.5.0', '7.2.0', '8.1.1' ],
46 silly audit   '@babel/parser': [ '7.17.3' ],
46 silly audit   '@babel/template': [ '7.16.7' ],
46 silly audit   '@babel/traverse': [ '7.17.3' ],
46 silly audit   '@babel/types': [ '7.17.0' ],
46 silly audit   '@istanbuljs/load-nyc-config': [ '1.1.0' ],
46 silly audit   argparse: [ '1.0.10', '2.0.1' ],
46 silly audit   'find-up': [ '4.1.0', '5.0.0' ],
46 silly audit   'js-yaml': [ '3.14.1', '4.1.0' ],
46 silly audit   'locate-path': [ '5.0.0', '6.0.0' ],
46 silly audit   'p-limit': [ '2.3.0', '3.1.0' ],
46 silly audit   'p-locate': [ '4.1.0', '5.0.0' ],
46 silly audit   '@istanbuljs/schema': [ '0.1.3' ],
46 silly audit   '@jridgewell/resolve-uri': [ '3.0.5' ],
46 silly audit   '@jridgewell/sourcemap-codec': [ '1.4.11' ],
46 silly audit   '@jridgewell/trace-mapping': [ '0.3.4' ],
46 silly audit   '@ungap/promise-all-settled': [ '1.1.2' ],
46 silly audit   accepts: [ '1.3.7' ],
46 silly audit   'aggregate-error': [ '3.1.0' ],
46 silly audit   ajv: [ '6.12.6' ],
46 silly audit   'ansi-colors': [ '4.1.1' ],
46 silly audit   'ansi-regex': [ '5.0.1' ],
46 silly audit   anymatch: [ '3.1.2' ],
46 silly audit   'append-transform': [ '2.0.0' ],
46 silly audit   archy: [ '1.0.0' ],
46 silly audit   'array-flatten': [ '1.1.1' ],
46 silly audit   asn1: [ '0.2.4' ],
46 silly audit   'assert-plus': [ '1.0.0' ],
46 silly audit   'assertion-error': [ '1.1.0' ],
46 silly audit   asynckit: [ '0.4.0' ],
46 silly audit   'aws-sign2': [ '0.7.0' ],
46 silly audit   aws4: [ '1.9.1' ],
46 silly audit   'balanced-match': [ '1.0.0' ],
46 silly audit   'bcrypt-pbkdf': [ '1.0.2' ],
46 silly audit   'binary-extensions': [ '2.2.0' ],
46 silly audit   'body-parser': [ '1.19.0' ],
46 silly audit   qs: [ '6.7.0', '6.8.0', '6.5.2' ],
46 silly audit   'brace-expansion': [ '1.1.11' ],
46 silly audit   braces: [ '3.0.2' ],
46 silly audit   'browser-stdout': [ '1.3.1' ],
46 silly audit   browserslist: [ '4.19.3' ],
46 silly audit   bytes: [ '3.1.0' ],
46 silly audit   'caching-transform': [ '4.0.0' ],
46 silly audit   camelcase: [ '5.3.1', '6.3.0' ],
46 silly audit   'caniuse-lite': [ '1.0.30001312' ],
46 silly audit   caseless: [ '0.12.0' ],
46 silly audit   chai: [ '4.2.0' ],
46 silly audit   'check-error': [ '1.0.2' ],
46 silly audit   chokidar: [ '3.5.3' ],
46 silly audit   'clean-stack': [ '2.2.0' ],
46 silly audit   cliui: [ '7.0.4', '6.0.0' ],
46 silly audit   'combined-stream': [ '1.0.8' ],
46 silly audit   commander: [ '2.20.3' ],
46 silly audit   commondir: [ '1.0.1' ],
46 silly audit   'component-emitter': [ '1.3.0' ],
46 silly audit   'concat-map': [ '0.0.1' ],
46 silly audit   'content-disposition': [ '0.5.3' ],
46 silly audit   'content-type': [ '1.0.4' ],
46 silly audit   'convert-source-map': [ '1.8.0' ],
46 silly audit   cookie: [ '0.4.0' ],
46 silly audit   'cookie-signature': [ '1.0.6' ],
46 silly audit   cookiejar: [ '2.1.2' ],
46 silly audit   'core-util-is': [ '1.0.2' ],
46 silly audit   'cross-spawn': [ '7.0.3' ],
46 silly audit   dashdash: [ '1.14.1' ],
46 silly audit   decamelize: [ '1.2.0', '4.0.0' ],
46 silly audit   'deep-eql': [ '3.0.1' ],
46 silly audit   'deep-equal': [ '1.1.0' ],
46 silly audit   'default-require-extensions': [ '3.0.0' ],
46 silly audit   'define-properties': [ '1.1.3' ],
46 silly audit   'delayed-stream': [ '1.0.0' ],
46 silly audit   depd: [ '1.1.2' ],
46 silly audit   destroy: [ '1.0.4' ],
46 silly audit   diff: [ '5.0.0' ],
46 silly audit   'ecc-jsbn': [ '0.1.2' ],
46 silly audit   'ee-first': [ '1.1.1' ],
46 silly audit   'electron-to-chromium': [ '1.4.75' ],
46 silly audit   'emoji-regex': [ '8.0.0' ],
46 silly audit   encodeurl: [ '1.0.2' ],
46 silly audit   'es6-error': [ '4.1.1' ],
46 silly audit   escalade: [ '3.1.1' ],
46 silly audit   'escape-html': [ '1.0.3' ],
46 silly audit   esprima: [ '4.0.1' ],
46 silly audit   etag: [ '1.8.1' ],
46 silly audit   express: [ '4.17.1' ],
46 silly audit   'express-handlebars': [ '6.0.2' ],
46 silly audit   extend: [ '3.0.2' ],
46 silly audit   extsprintf: [ '1.3.0' ],
46 silly audit   'fast-deep-equal': [ '3.1.1' ],
46 silly audit   'fast-json-stable-stringify': [ '2.1.0' ],
46 silly audit   'fill-range': [ '7.0.1' ],
46 silly audit   finalhandler: [ '1.1.2' ],
46 silly audit   'find-cache-dir': [ '3.3.2' ],
46 silly audit   flat: [ '5.0.2' ],
46 silly audit   'foreground-child': [ '2.0.0' ],
46 silly audit   'forever-agent': [ '0.6.1' ],
46 silly audit   'form-data': [ '2.5.0', '2.3.3' ],
46 silly audit   formidable: [ '1.2.1' ],
46 silly audit   forwarded: [ '0.1.2' ],
46 silly audit   fresh: [ '0.5.2' ],
46 silly audit   fromentries: [ '1.3.2' ],
46 silly audit   'fs.realpath': [ '1.0.0' ],
46 silly audit   fsevents: [ '2.3.2' ],
46 silly audit   'function-bind': [ '1.1.1' ],
46 silly audit   gensync: [ '1.0.0-beta.2' ],
46 silly audit   'get-caller-file': [ '2.0.5' ],
46 silly audit   'get-func-name': [ '2.0.0' ],
46 silly audit   'get-package-type': [ '0.1.0' ],
46 silly audit   getpass: [ '0.1.7' ],
46 silly audit   glob: [ '7.2.0' ],
46 silly audit   'glob-parent': [ '5.1.2' ],
46 silly audit   globals: [ '11.12.0' ],
46 silly audit   'graceful-fs': [ '4.2.9' ],
46 silly audit   growl: [ '1.10.5' ],
46 silly audit   handlebars: [ '4.7.7' ],
46 silly audit   'har-schema': [ '2.0.0' ],
46 silly audit   'har-validator': [ '5.1.3' ],
46 silly audit   has: [ '1.0.3' ],
46 silly audit   hasha: [ '5.2.2' ],
46 silly audit   he: [ '1.2.0' ],
46 silly audit   'html-escaper': [ '2.0.2' ],
46 silly audit   'http-errors': [ '1.7.2' ],
46 silly audit   inherits: [ '2.0.3', '2.0.4' ],
46 silly audit   'http-signature': [ '1.2.0' ],
46 silly audit   'iconv-lite': [ '0.4.24' ],
46 silly audit   imurmurhash: [ '0.1.4' ],
46 silly audit   'indent-string': [ '4.0.0' ],
46 silly audit   inflight: [ '1.0.6' ],
46 silly audit   'ipaddr.js': [ '1.9.0' ],
46 silly audit   'is-arguments': [ '1.0.4' ],
46 silly audit   'is-binary-path': [ '2.1.0' ],
46 silly audit   'is-date-object': [ '1.0.1' ],
46 silly audit   'is-extglob': [ '2.1.1' ],
46 silly audit   'is-fullwidth-code-point': [ '3.0.0' ],
46 silly audit   'is-glob': [ '4.0.3' ],
46 silly audit   'is-number': [ '7.0.0' ],
46 silly audit   'is-plain-obj': [ '2.1.0' ],
46 silly audit   'is-regex': [ '1.0.4' ],
46 silly audit   'is-stream': [ '2.0.1' ],
46 silly audit   'is-typedarray': [ '1.0.0' ],
46 silly audit   'is-unicode-supported': [ '0.1.0' ],
46 silly audit   'is-windows': [ '1.0.2' ],
46 silly audit   isarray: [ '1.0.0' ],
46 silly audit   isexe: [ '2.0.0' ],
46 silly audit   isstream: [ '0.1.2' ],
46 silly audit   'istanbul-lib-coverage': [ '3.2.0' ],
46 silly audit   'istanbul-lib-hook': [ '3.0.0' ],
46 silly audit   'istanbul-lib-instrument': [ '4.0.3' ],
46 silly audit   'istanbul-lib-processinfo': [ '2.0.2' ],
46 silly audit   'istanbul-lib-report': [ '3.0.0' ],
46 silly audit   'istanbul-lib-source-maps': [ '4.0.1' ],
46 silly audit   'istanbul-reports': [ '3.1.4' ],
46 silly audit   'js-tokens': [ '4.0.0' ],
46 silly audit   jsbn: [ '0.1.1' ],
46 silly audit   jsesc: [ '2.5.2' ],
46 silly audit   'json-schema': [ '0.4.0' ],
46 silly audit   'json-schema-traverse': [ '0.4.1' ],
46 silly audit   'json-stringify-safe': [ '5.0.1' ],
46 silly audit   json5: [ '2.2.0' ],
46 silly audit   jsprim: [ '1.4.2' ],
46 silly audit   lodash: [ '4.17.21' ],
46 silly audit   'lodash.flattendeep': [ '4.4.0' ],
46 silly audit   'log-symbols': [ '4.1.0' ],
46 silly audit   'make-dir': [ '3.1.0' ],
46 silly audit   'media-typer': [ '0.3.0' ],
46 silly audit   'merge-descriptors': [ '1.0.1' ],
46 silly audit   methods: [ '1.1.2' ],
46 silly audit   mime: [ '1.6.0' ],
46 silly audit   'mime-db': [ '1.40.0' ],
46 silly audit   'mime-types': [ '2.1.24' ],
46 silly audit   minimatch: [ '3.0.4' ],
46 silly audit   minimist: [ '1.2.6' ],
46 silly audit   mkdirp: [ '0.5.5' ],
46 silly audit   mocha: [ '9.2.1' ],
46 silly audit   nanoid: [ '3.2.0' ],
46 silly audit   negotiator: [ '0.6.2' ],
46 silly audit   'neo-async': [ '2.6.1' ],
46 silly audit   nock: [ '10.0.6' ],
46 silly audit   'node-preload': [ '0.2.1' ],
46 silly audit   'node-releases': [ '2.0.2' ],
46 silly audit   'normalize-path': [ '3.0.0' ],
46 silly audit   nyc: [ '15.1.0' ],
46 silly audit   'wrap-ansi': [ '6.2.0', '7.0.0' ],
46 silly audit   y18n: [ '4.0.3', '5.0.8' ],
46 silly audit   yargs: [ '15.4.1', '16.2.0' ],
46 silly audit   'yargs-parser': [ '18.1.3', '20.2.4' ],
46 silly audit   'oauth-sign': [ '0.9.0' ],
46 silly audit   'object-is': [ '1.0.1' ],
46 silly audit   'object-keys': [ '1.1.1' ],
46 silly audit   'on-finished': [ '2.3.0' ],
46 silly audit   once: [ '1.4.0' ],
46 silly audit   'p-map': [ '3.0.0' ],
46 silly audit   'p-try': [ '2.2.0' ],
46 silly audit   'package-hash': [ '4.0.0' ],
46 silly audit   parseurl: [ '1.3.3' ],
46 silly audit   'path-exists': [ '4.0.0' ],
46 silly audit   'path-is-absolute': [ '1.0.1' ],
46 silly audit   'path-key': [ '3.1.1' ],
46 silly audit   'path-to-regexp': [ '0.1.7' ],
46 silly audit   pathval: [ '1.1.1' ],
46 silly audit   'performance-now': [ '2.1.0' ],
46 silly audit   picocolors: [ '1.0.0' ],
46 silly audit   picomatch: [ '2.3.1' ],
46 silly audit   'pkg-dir': [ '4.2.0' ],
46 silly audit   'process-nextick-args': [ '2.0.1' ],
46 silly audit   'process-on-spawn': [ '1.0.0' ],
46 silly audit   propagate: [ '1.0.0' ],
46 silly audit   'proxy-addr': [ '2.0.5' ],
46 silly audit   psl: [ '1.8.0' ],
46 silly audit   punycode: [ '2.1.1' ],
46 silly audit   randombytes: [ '2.1.0' ],
46 silly audit   'range-parser': [ '1.2.1' ],
46 silly audit   'raw-body': [ '2.4.0' ],
46 silly audit   'readable-stream': [ '2.3.6' ],
46 silly audit   readdirp: [ '3.6.0' ],
46 silly audit   'regexp.prototype.flags': [ '1.2.0' ],
46 silly audit   'release-zalgo': [ '1.0.0' ],
46 silly audit   request: [ '2.88.2' ],
46 silly audit   'require-directory': [ '2.1.1' ],
46 silly audit   'require-main-filename': [ '2.0.0' ],
46 silly audit   'resolve-from': [ '5.0.0' ],
46 silly audit   rimraf: [ '3.0.2' ],
46 silly audit   'safe-buffer': [ '5.1.2' ],
46 silly audit   'safer-buffer': [ '2.1.2' ],
46 silly audit   send: [ '0.17.1' ],
46 silly audit   'serialize-javascript': [ '6.0.0' ],
46 silly audit   'serve-static': [ '1.14.1' ],
46 silly audit   'set-blocking': [ '2.0.0' ],
46 silly audit   setprototypeof: [ '1.1.1' ],
46 silly audit   'shebang-command': [ '2.0.0' ],
46 silly audit   'shebang-regex': [ '3.0.0' ],
46 silly audit   'signal-exit': [ '3.0.7' ],
46 silly audit   'spawn-wrap': [ '2.0.0' ],
46 silly audit   'sprintf-js': [ '1.0.3' ],
46 silly audit   sshpk: [ '1.16.1' ],
46 silly audit   statuses: [ '1.5.0' ],
46 silly audit   string_decoder: [ '1.1.1' ],
46 silly audit   'string-width': [ '4.2.3' ],
46 silly audit   'strip-ansi': [ '6.0.1' ],
46 silly audit   'strip-bom': [ '4.0.0' ],
46 silly audit   'strip-json-comments': [ '3.1.1' ],
46 silly audit   superagent: [ '3.8.3' ],
46 silly audit   supertest: [ '4.0.2' ],
46 silly audit   'test-exclude': [ '6.0.0' ],
46 silly audit   'to-fast-properties': [ '2.0.0' ],
46 silly audit   'to-regex-range': [ '5.0.1' ],
46 silly audit   toidentifier: [ '1.0.0' ],
46 silly audit   'tough-cookie': [ '2.5.0' ],
46 silly audit   'tunnel-agent': [ '0.6.0' ],
46 silly audit   tweetnacl: [ '0.14.5' ],
46 silly audit   'type-detect': [ '4.0.8' ],
46 silly audit   'type-fest': [ '0.8.1' ],
46 silly audit   'type-is': [ '1.6.18' ],
46 silly audit   'typedarray-to-buffer': [ '3.1.5' ],
46 silly audit   'uglify-js': [ '3.9.2' ],
46 silly audit   unpipe: [ '1.0.0' ],
46 silly audit   'uri-js': [ '4.2.2' ],
46 silly audit   'util-deprecate': [ '1.0.2' ],
46 silly audit   'utils-merge': [ '1.0.1' ],
46 silly audit   uuid: [ '3.3.3' ],
46 silly audit   vary: [ '1.1.2' ],
46 silly audit   verror: [ '1.10.0' ],
46 silly audit   which: [ '2.0.2' ],
46 silly audit   'which-module': [ '2.0.0' ],
46 silly audit   wordwrap: [ '1.0.0' ],
46 silly audit   workerpool: [ '6.2.0' ],
46 silly audit   wrappy: [ '1.0.2' ],
46 silly audit   'write-file-atomic': [ '3.0.3' ],
46 silly audit   'yargs-unparser': [ '2.0.0' ],
46 silly audit   'yocto-queue': [ '0.1.0' ]
46 silly audit }
47 verbose reify failed optional dependency /home/user113/events-app/external/node_modules/fsevents
48 silly reify mark deleted [ '/home/user113/events-app/external/node_modules/fsevents' ]
49 timing reifyNode:node_modules/fsevents Completed in 162ms
50 silly tarball no local data for wordwrap@https://registry.npmjs.org/wordwrap/-/wordwrap-1.0.0.tgz. Extracting by manifest.
51 silly tarball no local data for verror@https://registry.npmjs.org/verror/-/verror-1.10.0.tgz. Extracting by manifest.
52 silly tarball no local data for uuid@https://registry.npmjs.org/uuid/-/uuid-3.3.3.tgz. Extracting by manifest.
53 silly tarball no local data for uri-js@https://registry.npmjs.org/uri-js/-/uri-js-4.2.2.tgz. Extracting by manifest.
54 silly tarball no local data for uglify-js@https://registry.npmjs.org/uglify-js/-/uglify-js-3.9.2.tgz. Extracting by manifest.
55 silly tarball no local data for tweetnacl@https://registry.npmjs.org/tweetnacl/-/tweetnacl-0.14.5.tgz. Extracting by manifest.
56 silly tarball no local data for tunnel-agent@https://registry.npmjs.org/tunnel-agent/-/tunnel-agent-0.6.0.tgz. Extracting by manifest.
57 silly tarball no local data for tough-cookie@https://registry.npmjs.org/tough-cookie/-/tough-cookie-2.5.0.tgz. Extracting by manifest.
58 silly tarball no local data for sshpk@https://registry.npmjs.org/sshpk/-/sshpk-1.16.1.tgz. Extracting by manifest.
59 silly tarball no local data for semver@https://registry.npmjs.org/semver/-/semver-5.7.1.tgz. Extracting by manifest.
60 silly tarball no local data for request@https://registry.npmjs.org/request/-/request-2.88.2.tgz. Extracting by manifest.
61 silly tarball no local data for regexp.prototype.flags@https://registry.npmjs.org/regexp.prototype.flags/-/regexp.prototype.flags-1.2.0.tgz. Extracting by manifest.
62 silly tarball no local data for readable-stream@https://registry.npmjs.org/readable-stream/-/readable-stream-2.3.6.tgz. Extracting by manifest.
63 silly tarball no local data for qs@https://registry.npmjs.org/qs/-/qs-6.8.0.tgz. Extracting by manifest.
64 silly tarball no local data for punycode@https://registry.npmjs.org/punycode/-/punycode-2.1.1.tgz. Extracting by manifest.
65 silly tarball no local data for psl@https://registry.npmjs.org/psl/-/psl-1.8.0.tgz. Extracting by manifest.
66 silly tarball no local data for propagate@https://registry.npmjs.org/propagate/-/propagate-1.0.0.tgz. Extracting by manifest.
67 silly tarball no local data for performance-now@https://registry.npmjs.org/performance-now/-/performance-now-2.1.0.tgz. Extracting by manifest.
68 silly tarball no local data for object-keys@https://registry.npmjs.org/object-keys/-/object-keys-1.1.1.tgz. Extracting by manifest.
69 silly tarball no local data for object-is@https://registry.npmjs.org/object-is/-/object-is-1.0.1.tgz. Extracting by manifest.
70 silly tarball no local data for oauth-sign@https://registry.npmjs.org/oauth-sign/-/oauth-sign-0.9.0.tgz. Extracting by manifest.
71 silly tarball no local data for nock@https://registry.npmjs.org/nock/-/nock-10.0.6.tgz. Extracting by manifest.
72 silly tarball no local data for neo-async@https://registry.npmjs.org/neo-async/-/neo-async-2.6.1.tgz. Extracting by manifest.
73 silly tarball no local data for mkdirp@https://registry.npmjs.org/mkdirp/-/mkdirp-0.5.5.tgz. Extracting by manifest.
74 silly tarball no local data for lodash@https://registry.npmjs.org/lodash/-/lodash-4.17.21.tgz. Extracting by manifest.
75 silly tarball no local data for jsprim@https://registry.npmjs.org/jsprim/-/jsprim-1.4.2.tgz. Extracting by manifest.
76 silly tarball no local data for json-stringify-safe@https://registry.npmjs.org/json-stringify-safe/-/json-stringify-safe-5.0.1.tgz. Extracting by manifest.
77 silly tarball no local data for json-schema-traverse@https://registry.npmjs.org/json-schema-traverse/-/json-schema-traverse-0.4.1.tgz. Extracting by manifest.
78 silly tarball no local data for json-schema@https://registry.npmjs.org/json-schema/-/json-schema-0.4.0.tgz. Extracting by manifest.
79 silly tarball no local data for jsbn@https://registry.npmjs.org/jsbn/-/jsbn-0.1.1.tgz. Extracting by manifest.
80 silly tarball no local data for isstream@https://registry.npmjs.org/isstream/-/isstream-0.1.2.tgz. Extracting by manifest.
81 silly tarball no local data for is-regex@https://registry.npmjs.org/is-regex/-/is-regex-1.0.4.tgz. Extracting by manifest.
82 silly tarball no local data for is-date-object@https://registry.npmjs.org/is-date-object/-/is-date-object-1.0.1.tgz. Extracting by manifest.
83 silly tarball no local data for is-arguments@https://registry.npmjs.org/is-arguments/-/is-arguments-1.0.4.tgz. Extracting by manifest.
84 silly tarball no local data for inherits@https://registry.npmjs.org/inherits/-/inherits-2.0.4.tgz. Extracting by manifest.
85 silly tarball no local data for http-signature@https://registry.npmjs.org/http-signature/-/http-signature-1.2.0.tgz. Extracting by manifest.
86 silly tarball no local data for has@https://registry.npmjs.org/has/-/has-1.0.3.tgz. Extracting by manifest.
87 silly tarball no local data for har-validator@https://registry.npmjs.org/har-validator/-/har-validator-5.1.3.tgz. Extracting by manifest.
88 silly tarball no local data for har-schema@https://registry.npmjs.org/har-schema/-/har-schema-2.0.0.tgz. Extracting by manifest.
89 silly tarball no local data for handlebars@https://registry.npmjs.org/handlebars/-/handlebars-4.7.7.tgz. Extracting by manifest.
90 silly tarball no local data for getpass@https://registry.npmjs.org/getpass/-/getpass-0.1.7.tgz. Extracting by manifest.
91 silly tarball no local data for function-bind@https://registry.npmjs.org/function-bind/-/function-bind-1.1.1.tgz. Extracting by manifest.
92 silly tarball no local data for forever-agent@https://registry.npmjs.org/forever-agent/-/forever-agent-0.6.1.tgz. Extracting by manifest.
93 silly tarball no local data for fast-json-stable-stringify@https://registry.npmjs.org/fast-json-stable-stringify/-/fast-json-stable-stringify-2.1.0.tgz. Extracting by manifest.
94 silly tarball no local data for fast-deep-equal@https://registry.npmjs.org/fast-deep-equal/-/fast-deep-equal-3.1.1.tgz. Extracting by manifest.
95 silly tarball no local data for extsprintf@https://registry.npmjs.org/extsprintf/-/extsprintf-1.3.0.tgz. Extracting by manifest.
96 silly tarball no local data for express-handlebars@https://registry.npmjs.org/express-handlebars/-/express-handlebars-6.0.2.tgz. Extracting by manifest.
97 silly tarball no local data for ecc-jsbn@https://registry.npmjs.org/ecc-jsbn/-/ecc-jsbn-0.1.2.tgz. Extracting by manifest.
98 silly tarball no local data for define-properties@https://registry.npmjs.org/define-properties/-/define-properties-1.1.3.tgz. Extracting by manifest.
99 silly tarball no local data for deep-equal@https://registry.npmjs.org/deep-equal/-/deep-equal-1.1.0.tgz. Extracting by manifest.
100 silly tarball no local data for dashdash@https://registry.npmjs.org/dashdash/-/dashdash-1.14.1.tgz. Extracting by manifest.
101 silly tarball no local data for commander@https://registry.npmjs.org/commander/-/commander-2.20.3.tgz. Extracting by manifest.
102 silly tarball no local data for caseless@https://registry.npmjs.org/caseless/-/caseless-0.12.0.tgz. Extracting by manifest.
103 silly tarball no local data for bcrypt-pbkdf@https://registry.npmjs.org/bcrypt-pbkdf/-/bcrypt-pbkdf-1.0.2.tgz. Extracting by manifest.
104 silly tarball no local data for aws4@https://registry.npmjs.org/aws4/-/aws4-1.9.1.tgz. Extracting by manifest.
105 silly tarball no local data for aws-sign2@https://registry.npmjs.org/aws-sign2/-/aws-sign2-0.7.0.tgz. Extracting by manifest.
106 silly tarball no local data for assert-plus@https://registry.npmjs.org/assert-plus/-/assert-plus-1.0.0.tgz. Extracting by manifest.
107 silly tarball no local data for asn1@https://registry.npmjs.org/asn1/-/asn1-0.2.4.tgz. Extracting by manifest.
108 silly tarball no local data for ajv@https://registry.npmjs.org/ajv/-/ajv-6.12.6.tgz. Extracting by manifest.
109 silly tarball no local data for qs@https://registry.npmjs.org/qs/-/qs-6.5.2.tgz. Extracting by manifest.
110 silly tarball no local data for form-data@https://registry.npmjs.org/form-data/-/form-data-2.3.3.tgz. Extracting by manifest.
111 silly tarball no local data for debug@https://registry.npmjs.org/debug/-/debug-4.1.1.tgz. Extracting by manifest.
112 http fetch POST 200 https://registry.npmjs.org/-/npm/v1/security/advisories/bulk 1317ms
113 timing auditReport:getReport Completed in 1324ms
114 silly audit report {
114 silly audit report   qs: [
114 silly audit report     {
114 silly audit report       id: 1090135,
114 silly audit report       url: 'https://github.com/advisories/GHSA-hrpp-h998-j3pp',
114 silly audit report       title: 'qs vulnerable to Prototype Pollution',
114 silly audit report       severity: 'high',
114 silly audit report       vulnerable_versions: '>=6.5.0 <6.5.3',
114 silly audit report       cwe: [Array],
114 silly audit report       cvss: [Object]
114 silly audit report     },
114 silly audit report     {
114 silly audit report       id: 1090137,
114 silly audit report       url: 'https://github.com/advisories/GHSA-hrpp-h998-j3pp',
114 silly audit report       title: 'qs vulnerable to Prototype Pollution',
114 silly audit report       severity: 'high',
114 silly audit report       vulnerable_versions: '>=6.7.0 <6.7.3',
114 silly audit report       cwe: [Array],
114 silly audit report       cvss: [Object]
114 silly audit report     },
114 silly audit report     {
114 silly audit report       id: 1090138,
114 silly audit report       url: 'https://github.com/advisories/GHSA-hrpp-h998-j3pp',
114 silly audit report       title: 'qs vulnerable to Prototype Pollution',
114 silly audit report       severity: 'high',
114 silly audit report       vulnerable_versions: '>=6.8.0 <6.8.3',
114 silly audit report       cwe: [Array],
114 silly audit report       cvss: [Object]
114 silly audit report     }
114 silly audit report   ],
114 silly audit report   cookiejar: [
114 silly audit report     {
114 silly audit report       id: 1088659,
114 silly audit report       url: 'https://github.com/advisories/GHSA-h452-7996-h45h',
114 silly audit report       title: 'cookiejar Regular Expression Denial of Service via Cookie.parse function',
114 silly audit report       severity: 'moderate',
114 silly audit report       vulnerable_versions: '<2.1.4',
114 silly audit report       cwe: [Array],
114 silly audit report       cvss: [Object]
114 silly audit report     }
114 silly audit report   ],
114 silly audit report   json5: [
114 silly audit report     {
114 silly audit report       id: 1091148,
114 silly audit report       url: 'https://github.com/advisories/GHSA-9c47-m6qq-7p4h',
114 silly audit report       title: 'Prototype Pollution in JSON5 via Parse Method',
114 silly audit report       severity: 'high',
114 silly audit report       vulnerable_versions: '>=2.0.0 <2.2.2',
114 silly audit report       cwe: [Array],
114 silly audit report       cvss: [Object]
114 silly audit report     }
114 silly audit report   ],
114 silly audit report   minimatch: [
114 silly audit report     {
114 silly audit report       id: 1091174,
114 silly audit report       url: 'https://github.com/advisories/GHSA-f8q6-p94x-37v3',
114 silly audit report       title: 'minimatch ReDoS vulnerability',
114 silly audit report       severity: 'high',
114 silly audit report       vulnerable_versions: '<3.0.5',
114 silly audit report       cwe: [Array],
114 silly audit report       cvss: [Object]
114 silly audit report     }
114 silly audit report   ],
114 silly audit report   request: [
114 silly audit report     {
114 silly audit report       id: 1091459,
114 silly audit report       url: 'https://github.com/advisories/GHSA-p8p7-x288-28g6',
114 silly audit report       title: 'Server-Side Request Forgery in Request',
114 silly audit report       severity: 'moderate',
114 silly audit report       vulnerable_versions: '<=2.88.2',
114 silly audit report       cwe: [Array],
114 silly audit report       cvss: [Object]
114 silly audit report     }
114 silly audit report   ]
114 silly audit report }
115 timing metavuln:cache:get:security-advisory:qs:rrWPBAw3evG2xU9T8UyCv5viKIoR1JsbUEXw4ObDb4ps1TxGju6VExbVAauDHeMk5nIqSMMMCx1BPSkPMao6zg== Completed in 77ms
116 timing metavuln:cache:get:security-advisory:qs:5YfNm966GbxTXuFNTEY+Y5maNecqD28JXWIMAZJ7rvKweRs2/Epcfx96rSbeb5OdXQVx2gyho/vu+hYKMw34VQ== Completed in 75ms
117 timing metavuln:cache:get:security-advisory:request:BFji23dRqpNDTDt0PtAbs39ndHG4jIMV7Eu5lN+70e8OMGQebMyarAOHX0I4auPW1IGsxAq407Ifu+RBACRs9g== Completed in 73ms
118 timing reifyNode:node_modules/wrappy Completed in 1585ms
119 timing reifyNode:node_modules/wrap-ansi Completed in 1586ms
120 timing reifyNode:node_modules/toidentifier Completed in 1587ms
121 timing reifyNode:node_modules/to-fast-properties Completed in 1586ms
122 timing reifyNode:node_modules/shebang-command Completed in 1587ms
123 timing reifyNode:node_modules/process-nextick-args Completed in 1587ms
124 timing reifyNode:node_modules/path-is-absolute Completed in 1586ms
125 timing reifyNode:node_modules/package-hash Completed in 1587ms
126 timing reifyNode:node_modules/once Completed in 1586ms
127 timing reifyNode:node_modules/normalize-path Completed in 1585ms
128 timing reifyNode:node_modules/ms Completed in 1581ms
129 timing reifyNode:node_modules/lodash.flattendeep Completed in 1581ms
130 timing reifyNode:node_modules/is-windows Completed in 1575ms
131 timing reifyNode:node_modules/is-number Completed in 1574ms
132 timing reifyNode:node_modules/is-extglob Completed in 1575ms
133 timing reifyNode:node_modules/inflight Completed in 1574ms
134 timing reifyNode:node_modules/imurmurhash Completed in 1573ms
135 timing reifyNode:node_modules/find-cache-dir Completed in 1568ms
136 timing reifyNode:node_modules/escape-html Completed in 1566ms
137 timing reifyNode:node_modules/ee-first Completed in 1566ms
138 timing reifyNode:node_modules/destroy Completed in 1567ms
139 timing reifyNode:node_modules/decamelize Completed in 1565ms
140 timing reifyNode:node_modules/convert-source-map Completed in 1563ms
141 timing reifyNode:node_modules/color-name Completed in 1562ms
142 timing reifyNode:node_modules/caching-transform Completed in 1562ms
143 timing reifyNode:node_modules/browser-stdout Completed in 1562ms
144 timing reifyNode:node_modules/brace-expansion Completed in 1562ms
145 timing reifyNode:node_modules/array-flatten Completed in 1562ms
146 timing reifyNode:node_modules/send/node_modules/debug/node_modules/ms Completed in 1647ms
147 timing reifyNode:node_modules/nyc/node_modules/wrap-ansi Completed in 1642ms
148 timing reifyNode:node_modules/mocha/node_modules/ms Completed in 1637ms
149 timing reifyNode:node_modules/mocha/node_modules/debug/node_modules/ms Completed in 1636ms
150 timing reifyNode:node_modules/istanbul-lib-source-maps/node_modules/ms Completed in 1628ms
151 timing reifyNode:node_modules/finalhandler/node_modules/ms Completed in 1617ms
152 timing reifyNode:node_modules/express/node_modules/ms Completed in 1616ms
153 timing reifyNode:node_modules/body-parser/node_modules/ms Completed in 1605ms
154 timing reifyNode:node_modules/@babel/traverse/node_modules/ms Completed in 1597ms
155 timing reifyNode:node_modules/@babel/highlight/node_modules/has-flag Completed in 1598ms
156 timing reifyNode:node_modules/@babel/highlight/node_modules/escape-string-regexp Completed in 1598ms
157 timing reifyNode:node_modules/@babel/highlight/node_modules/ansi-styles Completed in 1599ms
158 timing reifyNode:node_modules/@babel/core/node_modules/ms Completed in 1599ms
159 timing reifyNode:node_modules/yocto-queue Completed in 1662ms
160 timing reifyNode:node_modules/which-module Completed in 1661ms
161 timing reifyNode:node_modules/vary Completed in 1661ms
162 timing reifyNode:node_modules/utils-merge Completed in 1662ms
163 timing reifyNode:node_modules/unpipe Completed in 1661ms
164 timing reifyNode:node_modules/type-is Completed in 1661ms
165 timing reifyNode:node_modules/to-regex-range Completed in 1662ms
166 timing reifyNode:node_modules/supports-color Completed in 1662ms
167 timing reifyNode:node_modules/strip-json-comments Completed in 1662ms
168 timing reifyNode:node_modules/strip-bom Completed in 1662ms
169 timing reifyNode:node_modules/strip-ansi Completed in 1663ms
170 timing reifyNode:node_modules/string-width Completed in 1663ms
171 timing reifyNode:node_modules/signal-exit Completed in 1663ms
172 timing reifyNode:node_modules/shebang-regex Completed in 1663ms
173 timing reifyNode:node_modules/set-blocking Completed in 1664ms
174 timing reifyNode:node_modules/serialize-javascript Completed in 1664ms
175 timing reifyNode:node_modules/resolve-from Completed in 1664ms
176 timing reifyNode:node_modules/require-main-filename Completed in 1664ms
177 timing reifyNode:node_modules/range-parser Completed in 1664ms
178 timing reifyNode:node_modules/process-on-spawn Completed in 1664ms
179 timing reifyNode:node_modules/pkg-dir Completed in 1664ms
180 timing reifyNode:node_modules/path-to-regexp Completed in 1664ms
181 timing reifyNode:node_modules/path-key Completed in 1664ms
182 timing reifyNode:node_modules/path-exists Completed in 1663ms
183 timing reifyNode:node_modules/parseurl Completed in 1664ms
184 timing reifyNode:node_modules/p-try Completed in 1664ms
185 timing reifyNode:node_modules/p-map Completed in 1664ms
186 timing reifyNode:node_modules/p-locate Completed in 1664ms
187 timing reifyNode:node_modules/p-limit Completed in 1664ms
188 timing reifyNode:node_modules/on-finished Completed in 1663ms
189 timing reifyNode:node_modules/mime-types Completed in 1666ms
190 timing reifyNode:node_modules/methods Completed in 1667ms
191 timing reifyNode:node_modules/merge-descriptors Completed in 1667ms
192 timing reifyNode:node_modules/media-typer Completed in 1665ms
193 timing reifyNode:node_modules/make-dir Completed in 1666ms
194 timing reifyNode:node_modules/locate-path Completed in 1665ms
195 timing reifyNode:node_modules/is-unicode-supported Completed in 1660ms
196 timing reifyNode:node_modules/is-typedarray Completed in 1660ms
197 timing reifyNode:node_modules/is-stream Completed in 1659ms
198 timing reifyNode:node_modules/is-plain-obj Completed in 1659ms
199 timing reifyNode:node_modules/is-glob Completed in 1660ms
200 timing reifyNode:node_modules/is-fullwidth-code-point Completed in 1660ms
201 timing reifyNode:node_modules/is-binary-path Completed in 1659ms
202 timing reifyNode:node_modules/indent-string Completed in 1658ms
203 timing reifyNode:node_modules/has-flag Completed in 1658ms
204 timing reifyNode:node_modules/glob-parent Completed in 1656ms
205 timing reifyNode:node_modules/get-func-name Completed in 1656ms
206 timing reifyNode:node_modules/fromentries Completed in 1655ms
207 timing reifyNode:node_modules/fresh Completed in 1656ms
208 timing reifyNode:node_modules/forwarded Completed in 1656ms
209 timing reifyNode:node_modules/find-up Completed in 1656ms
210 timing reifyNode:node_modules/finalhandler Completed in 1656ms
211 timing reifyNode:node_modules/fill-range Completed in 1655ms
212 timing reifyNode:node_modules/etag Completed in 1655ms
213 timing reifyNode:node_modules/escape-string-regexp Completed in 1654ms
214 timing reifyNode:node_modules/encodeurl Completed in 1655ms
215 timing reifyNode:node_modules/default-require-extensions Completed in 1654ms
216 timing reifyNode:node_modules/cookiejar Completed in 1652ms
217 timing reifyNode:node_modules/cookie-signature Completed in 1651ms
218 timing reifyNode:node_modules/content-type Completed in 1650ms
219 timing reifyNode:node_modules/component-emitter Completed in 1650ms
220 timing reifyNode:node_modules/clean-stack Completed in 1650ms
221 timing reifyNode:node_modules/camelcase Completed in 1649ms
222 timing reifyNode:node_modules/bytes Completed in 1650ms
223 timing reifyNode:node_modules/assertion-error Completed in 1649ms
224 timing reifyNode:node_modules/append-transform Completed in 1649ms
225 timing reifyNode:node_modules/anymatch Completed in 1649ms
226 timing reifyNode:node_modules/ansi-regex Completed in 1650ms
227 timing reifyNode:node_modules/aggregate-error Completed in 1650ms
228 timing reifyNode:node_modules/accepts Completed in 1650ms
229 timing reifyNode:node_modules/@babel/highlight Completed in 1645ms
230 timing reifyNode:node_modules/@babel/helper-split-export-declaration Completed in 1645ms
231 timing reifyNode:node_modules/@babel/helper-simple-access Completed in 1644ms
232 timing reifyNode:node_modules/@babel/helper-hoist-variables Completed in 1645ms
233 timing reifyNode:node_modules/@babel/helper-get-function-arity Completed in 1645ms
234 timing reifyNode:node_modules/@babel/helper-function-name Completed in 1645ms
235 timing reifyNode:node_modules/@babel/helper-environment-visitor Completed in 1646ms
236 timing reifyNode:node_modules/balanced-match Completed in 1655ms
237 timing reifyNode:node_modules/@babel/code-frame Completed in 1647ms
238 timing reifyNode:node_modules/yargs-unparser/node_modules/decamelize Completed in 1738ms
239 timing reifyNode:node_modules/yargs-unparser/node_modules/camelcase Completed in 1738ms
240 timing reifyNode:node_modules/pkg-dir/node_modules/p-locate Completed in 1731ms
241 timing reifyNode:node_modules/pkg-dir/node_modules/p-limit Completed in 1732ms
242 timing reifyNode:node_modules/pkg-dir/node_modules/locate-path Completed in 1732ms
243 timing reifyNode:node_modules/pkg-dir/node_modules/find-up Completed in 1732ms
244 timing reifyNode:node_modules/nyc/node_modules/y18n Completed in 1730ms
245 timing reifyNode:node_modules/nyc/node_modules/p-limit Completed in 1729ms
246 timing reifyNode:node_modules/nyc/node_modules/p-locate Completed in 1730ms
247 timing reifyNode:node_modules/nyc/node_modules/locate-path Completed in 1729ms
248 timing reifyNode:node_modules/nyc/node_modules/find-up Completed in 1730ms
249 timing reifyNode:node_modules/istanbul-lib-report/node_modules/supports-color Completed in 1714ms
250 timing reifyNode:node_modules/http-errors/node_modules/inherits Completed in 1710ms
251 timing reifyNode:node_modules/chalk/node_modules/supports-color Completed in 1692ms
252 timing reifyNode:node_modules/@istanbuljs/load-nyc-config/node_modules/p-locate Completed in 1689ms
253 timing reifyNode:node_modules/@istanbuljs/load-nyc-config/node_modules/p-limit Completed in 1689ms
254 timing reifyNode:node_modules/@istanbuljs/load-nyc-config/node_modules/locate-path Completed in 1689ms
255 timing reifyNode:node_modules/@istanbuljs/load-nyc-config/node_modules/find-up Completed in 1690ms
256 timing reifyNode:node_modules/@babel/highlight/node_modules/supports-color Completed in 1684ms
257 timing reifyNode:node_modules/yargs-unparser Completed in 1745ms
258 timing reifyNode:node_modules/write-file-atomic Completed in 1746ms
259 timing reifyNode:node_modules/util-deprecate Completed in 1744ms
260 timing reifyNode:node_modules/proxy-addr Completed in 1743ms
261 timing reifyNode:node_modules/pathval Completed in 1742ms
262 timing reifyNode:node_modules/minimatch Completed in 1734ms
263 timing reifyNode:node_modules/log-symbols Completed in 1732ms
264 timing reifyNode:node_modules/js-tokens Completed in 1726ms
265 timing reifyNode:node_modules/http-errors Completed in 1724ms
266 timing reifyNode:node_modules/get-caller-file Completed in 1721ms
267 timing reifyNode:node_modules/fs.realpath Completed in 1720ms
268 timing reifyNode:node_modules/foreground-child Completed in 1720ms
269 timing reifyNode:node_modules/cookie Completed in 1714ms
270 timing reifyNode:node_modules/combined-stream Completed in 1713ms
271 timing reifyNode:node_modules/ansi-styles Completed in 1711ms
272 timing reifyNode:node_modules/@istanbuljs/load-nyc-config Completed in 1714ms
273 timing reifyNode:node_modules/which Completed in 1819ms
274 timing reifyNode:node_modules/supertest Completed in 1818ms
275 timing reifyNode:node_modules/string_decoder Completed in 1819ms
276 timing reifyNode:node_modules/setprototypeof Completed in 1819ms
277 timing reifyNode:node_modules/serve-static Completed in 1819ms
278 timing reifyNode:node_modules/safe-buffer Completed in 1819ms
279 timing reifyNode:node_modules/readdirp Completed in 1818ms
280 timing reifyNode:node_modules/picocolors Completed in 1818ms
281 timing reifyNode:node_modules/istanbul-lib-processinfo Completed in 1800ms
282 timing reifyNode:node_modules/hasha Completed in 1798ms
283 timing reifyNode:node_modules/globals Completed in 1795ms
284 timing reifyNode:node_modules/delayed-stream Completed in 1791ms
285 timing reifyNode:node_modules/content-disposition Completed in 1787ms
286 timing reifyNode:node_modules/check-error Completed in 1787ms
287 timing reifyNode:node_modules/binary-extensions Completed in 1787ms
288 timing reifyNode:node_modules/@istanbuljs/schema Completed in 1787ms
289 timing reifyNode:node_modules/@babel/helper-validator-option Completed in 1782ms
290 timing reifyNode:node_modules/nyc/node_modules/cliui Completed in 1876ms
291 timing reifyNode:node_modules/@babel/highlight/node_modules/color-name Completed in 1829ms
292 timing reifyNode:node_modules/typedarray-to-buffer Completed in 1889ms
293 timing reifyNode:node_modules/type-detect Completed in 1889ms
294 timing reifyNode:node_modules/send Completed in 1889ms
295 timing reifyNode:node_modules/rimraf Completed in 1888ms
296 timing reifyNode:node_modules/require-directory Completed in 1888ms
297 timing reifyNode:node_modules/raw-body Completed in 1887ms
298 timing reifyNode:node_modules/randombytes Completed in 1887ms
299 timing reifyNode:node_modules/isarray Completed in 1868ms
300 timing reifyNode:node_modules/commondir Completed in 1852ms
301 timing reifyNode:node_modules/statuses Completed in 1954ms
302 timing reifyNode:node_modules/istanbul-lib-hook Completed in 1935ms
303 timing reifyNode:node_modules/get-package-type Completed in 1928ms
304 timing reifyNode:node_modules/deep-eql Completed in 1922ms
305 timing reifyNode:node_modules/core-util-is Completed in 1920ms
306 timing reifyNode:node_modules/concat-map Completed in 1917ms
307 timing reifyNode:node_modules/color-convert Completed in 1916ms
308 timing reifyNode:node_modules/ansi-colors Completed in 1914ms
309 timing reifyNode:node_modules/@babel/helper-validator-identifier Completed in 1908ms
310 timing metavuln:cache:get:security-advisory:qs:5JfVCrV4+n++/kE/U6tbz1htdIKthjszBZ/3DGOpXr4TrS2TWdskvqnfC0J2bHwpFaV2XKOnUs/VJfDAqg7rVw== Completed in 654ms
311 timing metavuln:cache:get:security-advisory:cookiejar:20tDwH6fYKn++PbMnx2tUulmtbaV/gdoUXXQX3IJ8Qzg+tx34k0HmLCCRQ68aR/TWyVmR5LbQdagWrak8dhhtw== Completed in 654ms
312 timing metavuln:cache:get:security-advisory:json5:FewZk+r3gkr+fV8uxXGDeSUz6U/7loNmzSPStafhi2HfxbrTr6+c3xvaqFCGJ9GwgOajYr1Jm+TkOPENfRkOPw== Completed in 653ms
313 timing metavuln:cache:get:security-advisory:minimatch:S5+Js3meY0qRszNElkXnCazKgbbbzGIyrG7ktvG3xQfp8dnhcBxsD5WFYwD/IyJDHetpiaS9EtV2pvsSOwZcTg== Completed in 653ms
314 timing reifyNode:node_modules/mocha/node_modules/debug Completed in 2022ms
315 timing reifyNode:node_modules/istanbul-lib-source-maps/node_modules/debug Completed in 2012ms
316 timing reifyNode:node_modules/@babel/traverse/node_modules/debug Completed in 1980ms
317 timing reifyNode:node_modules/@babel/highlight/node_modules/color-convert Completed in 1980ms
318 timing reifyNode:node_modules/@babel/core/node_modules/debug Completed in 1979ms
319 timing reifyNode:node_modules/test-exclude Completed in 2046ms
320 timing reifyNode:node_modules/safer-buffer Completed in 2047ms
321 timing reifyNode:node_modules/release-zalgo Completed in 2047ms
322 timing reifyNode:node_modules/isexe Completed in 2026ms
323 timing reifyNode:node_modules/graceful-fs Completed in 2020ms
324 timing reifyNode:node_modules/flat Completed in 2018ms
325 timing reifyNode:node_modules/extend Completed in 2017ms
326 timing reifyNode:node_modules/es6-error Completed in 2015ms
327 timing reifyNode:node_modules/@ungap/promise-all-settled Completed in 2006ms
328 timing reifyNode:node_modules/@babel/helper-module-imports Completed in 2000ms
329 timing reifyNode:node_modules/@babel/highlight/node_modules/chalk Completed in 2024ms
330 timing reifyNode:node_modules/negotiator Completed in 2070ms
331 timing reifyNode:node_modules/ipaddr.js Completed in 2060ms
332 timing reifyNode:node_modules/glob Completed in 2056ms
333 timing reifyNode:node_modules/gensync Completed in 2056ms
334 timing reifyNode:node_modules/form-data Completed in 2055ms
335 timing reifyNode:node_modules/escalade Completed in 2052ms
336 timing reifyNode:node_modules/chalk Completed in 2044ms
337 timing reifyNode:node_modules/node-releases Completed in 2116ms
338 timing reifyNode:node_modules/jsesc Completed in 2104ms
339 timing reifyNode:node_modules/emoji-regex Completed in 2090ms
340 timing reifyNode:node_modules/cross-spawn Completed in 2087ms
341 timing reifyNode:node_modules/archy Completed in 2080ms
342 timing reifyNode:node_modules/@babel/helper-compilation-targets Completed in 2072ms
343 timing reifyNode:node_modules/node-preload Completed in 2139ms
344 timing reifyNode:node_modules/@babel/helper-module-transforms Completed in 2098ms
345 timing reifyNode:node_modules/nyc/node_modules/yargs-parser Completed in 2169ms
346 timing reifyNode:node_modules/make-dir/node_modules/semver Completed in 2160ms
347 timing reifyNode:node_modules/istanbul-lib-instrument/node_modules/semver Completed in 2153ms
348 timing reifyNode:node_modules/@babel/helper-compilation-targets/node_modules/semver Completed in 2120ms
349 timing reifyNode:node_modules/@babel/core/node_modules/semver Completed in 2121ms
350 timing reifyNode:node_modules/y18n Completed in 2182ms
351 timing reifyNode:node_modules/cliui Completed in 2138ms
352 timing reifyNode:node_modules/@jridgewell/sourcemap-codec Completed in 2135ms
353 timing reifyNode:node_modules/@jridgewell/resolve-uri Completed in 2135ms
354 timing reifyNode:node_modules/@babel/template Completed in 2130ms
355 timing reifyNode:node_modules/mime Completed in 2194ms
356 timing reifyNode:node_modules/istanbul-lib-coverage Completed in 2186ms
357 timing reifyNode:node_modules/html-escaper Completed in 2183ms
358 timing reifyNode:node_modules/istanbul-lib-source-maps Completed in 2212ms
359 timing reifyNode:node_modules/istanbul-lib-report Completed in 2212ms
360 timing reifyNode:node_modules/he Completed in 2207ms
361 timing reifyNode:node_modules/growl Completed in 2204ms
362 timing reifyNode:node_modules/debug Completed in 2195ms
363 timing reifyNode:node_modules/braces Completed in 2190ms
364 timing reifyNode:node_modules/istanbul-lib-instrument Completed in 2261ms
365 timing reifyNode:node_modules/browserslist Completed in 2239ms
366 timing reifyNode:node_modules/@jridgewell/trace-mapping Completed in 2236ms
367 http fetch GET 200 https://registry.npmjs.org/propagate/-/propagate-1.0.0.tgz 1954ms (cache miss)
368 timing reifyNode:node_modules/propagate Completed in 2289ms
369 http fetch GET 200 https://registry.npmjs.org/oauth-sign/-/oauth-sign-0.9.0.tgz 1950ms (cache miss)
370 timing reifyNode:node_modules/oauth-sign Completed in 2289ms
371 timing reifyNode:node_modules/picomatch Completed in 2305ms
372 timing reifyNode:node_modules/mime-db Completed in 2295ms
373 timing reifyNode:node_modules/depd Completed in 2272ms
374 timing reifyNode:node_modules/chokidar Completed in 2265ms
375 timing reifyNode:node_modules/body-parser Completed in 2264ms
376 timing reifyNode:node_modules/argparse Completed in 2263ms
377 http fetch GET 200 https://registry.npmjs.org/punycode/-/punycode-2.1.1.tgz 1978ms (cache miss)
378 timing reifyNode:node_modules/punycode Completed in 2311ms
379 http fetch GET 200 https://registry.npmjs.org/object-is/-/object-is-1.0.1.tgz 1975ms (cache miss)
380 timing reifyNode:node_modules/object-is Completed in 2312ms
381 http fetch GET 200 https://registry.npmjs.org/mkdirp/-/mkdirp-0.5.5.tgz 1969ms (cache miss)
382 timing reifyNode:node_modules/mkdirp Completed in 2305ms
383 http fetch GET 200 https://registry.npmjs.org/json-stringify-safe/-/json-stringify-safe-5.0.1.tgz 1951ms (cache miss)
384 http fetch GET 200 https://registry.npmjs.org/inherits/-/inherits-2.0.4.tgz 1936ms (cache miss)
385 timing reifyNode:node_modules/inherits Completed in 2294ms
386 http fetch GET 200 https://registry.npmjs.org/has/-/has-1.0.3.tgz 1933ms (cache miss)
387 timing reifyNode:node_modules/has Completed in 2293ms
388 http fetch GET 200 https://registry.npmjs.org/har-validator/-/har-validator-5.1.3.tgz 1933ms (cache miss)
389 timing reifyNode:node_modules/har-validator Completed in 2294ms
390 timing reifyNode:node_modules/yargs-parser Completed in 2333ms
391 http fetch GET 200 https://registry.npmjs.org/qs 1022ms (cache hit)
392 timing metavuln:packument:qs Completed in 1025ms
393 timing metavuln:load:security-advisory:qs:1090135 Completed in 5ms
394 timing metavuln:load:security-advisory:qs:1090137 Completed in 1ms
395 timing metavuln:calculate:security-advisory:qs:1090137 Completed in 1030ms
396 timing metavuln:load:security-advisory:qs:1090138 Completed in 4ms
397 http fetch GET 200 https://registry.npmjs.org/cookiejar 1034ms (cache hit)
398 timing metavuln:packument:cookiejar Completed in 1035ms
399 timing metavuln:load:security-advisory:cookiejar:1088659 Completed in 0ms
400 timing metavuln:calculate:security-advisory:cookiejar:1088659 Completed in 1036ms
401 http fetch GET 200 https://registry.npmjs.org/json5 1035ms (cache hit)
402 timing metavuln:packument:json5 Completed in 1036ms
403 timing metavuln:load:security-advisory:json5:1091148 Completed in 0ms
404 timing metavuln:calculate:security-advisory:json5:1091148 Completed in 1037ms
405 http fetch GET 200 https://registry.npmjs.org/minimatch 1036ms (cache hit)
406 timing metavuln:packument:minimatch Completed in 1039ms
407 timing metavuln:load:security-advisory:minimatch:1091174 Completed in 2ms
408 timing metavuln:calculate:security-advisory:minimatch:1091174 Completed in 1041ms
409 http fetch GET 200 https://registry.npmjs.org/tunnel-agent/-/tunnel-agent-0.6.0.tgz 2038ms (cache miss)
410 timing reifyNode:node_modules/tunnel-agent Completed in 2359ms
411 http fetch GET 200 https://registry.npmjs.org/object-keys/-/object-keys-1.1.1.tgz 2021ms (cache miss)
412 http fetch GET 200 https://registry.npmjs.org/jsprim/-/jsprim-1.4.2.tgz 2009ms (cache miss)
413 timing reifyNode:node_modules/jsprim Completed in 2343ms
414 http fetch GET 200 https://registry.npmjs.org/har-schema/-/har-schema-2.0.0.tgz 1978ms (cache miss)
415 http fetch GET 200 https://registry.npmjs.org/fast-deep-equal/-/fast-deep-equal-3.1.1.tgz 1954ms (cache miss)
416 http fetch GET 200 https://registry.npmjs.org/aws4/-/aws4-1.9.1.tgz 1935ms (cache miss)
417 timing reifyNode:node_modules/@babel/compat-data Completed in 2327ms
418 timing reifyNode:node_modules/json-stringify-safe Completed in 2367ms
419 http fetch GET 200 https://registry.npmjs.org/isstream/-/isstream-0.1.2.tgz 2015ms (cache miss)
420 timing reifyNode:node_modules/isstream Completed in 2365ms
421 http fetch GET 200 https://registry.npmjs.org/function-bind/-/function-bind-1.1.1.tgz 1982ms (cache miss)
422 http fetch GET 200 https://registry.npmjs.org/forever-agent/-/forever-agent-0.6.1.tgz 1980ms (cache miss)
423 timing reifyNode:node_modules/forever-agent Completed in 2358ms
424 timing reifyNode:node_modules/aws4 Completed in 2347ms
425 timing reifyNode:node_modules/asynckit Completed in 2356ms
426 timing reifyNode:node_modules/object-keys Completed in 2401ms
427 http fetch GET 200 https://registry.npmjs.org/is-date-object/-/is-date-object-1.0.1.tgz 2030ms (cache miss)
428 http fetch GET 200 https://registry.npmjs.org/getpass/-/getpass-0.1.7.tgz 2015ms (cache miss)
429 timing reifyNode:node_modules/getpass Completed in 2378ms
430 http fetch GET 200 https://registry.npmjs.org/define-properties/-/define-properties-1.1.3.tgz 1987ms (cache miss)
431 http fetch GET 200 https://registry.npmjs.org/aws-sign2/-/aws-sign2-0.7.0.tgz 1973ms (cache miss)
432 timing reifyNode:node_modules/aws-sign2 Completed in 2365ms
433 timing reifyNode:node_modules/@ampproject/remapping Completed in 2360ms
434 http fetch GET 200 https://registry.npmjs.org/regexp.prototype.flags/-/regexp.prototype.flags-1.2.0.tgz 2089ms (cache miss)
435 http fetch GET 200 https://registry.npmjs.org/is-arguments/-/is-arguments-1.0.4.tgz 2041ms (cache miss)
436 timing reifyNode:node_modules/fast-deep-equal Completed in 2389ms
437 timing reifyNode:node_modules/send/node_modules/debug Completed in 2428ms
438 timing reifyNode:node_modules/finalhandler/node_modules/debug Completed in 2395ms
439 timing reifyNode:node_modules/express/node_modules/debug Completed in 2394ms
440 timing reifyNode:node_modules/body-parser/node_modules/debug Completed in 2383ms
441 timing reifyNode:node_modules/spawn-wrap Completed in 2432ms
442 http fetch GET 200 https://registry.npmjs.org/json-schema/-/json-schema-0.4.0.tgz 2069ms (cache miss)
443 timing reifyNode:node_modules/json-schema Completed in 2418ms
444 timing reifyNode:node_modules/is-arguments Completed in 2414ms
445 http fetch GET 200 https://registry.npmjs.org/is-regex/-/is-regex-1.0.4.tgz 2064ms (cache miss)
446 http fetch GET 200 https://registry.npmjs.org/http-signature/-/http-signature-1.2.0.tgz 2054ms (cache miss)
447 timing reifyNode:node_modules/function-bind Completed in 2409ms
448 timing reifyNode:node_modules/sprintf-js Completed in 2447ms
449 timing reifyNode:node_modules/formidable Completed in 2418ms
450 timing reifyNode:node_modules/electron-to-chromium Completed in 2414ms
451 timing reifyNode:node_modules/regexp.prototype.flags Completed in 2457ms
452 timing reifyNode:node_modules/is-date-object Completed in 2433ms
453 timing reifyNode:node_modules/define-properties Completed in 2422ms
454 http fetch GET 200 https://registry.npmjs.org/commander/-/commander-2.20.3.tgz 2030ms (cache miss)
455 timing reifyNode:node_modules/commander Completed in 2417ms
456 http fetch GET 200 https://registry.npmjs.org/assert-plus/-/assert-plus-1.0.0.tgz 2026ms (cache miss)
457 timing reifyNode:node_modules/assert-plus Completed in 2420ms
458 http fetch GET 200 https://registry.npmjs.org/caseless/-/caseless-0.12.0.tgz 2050ms (cache miss)
459 timing reifyNode:node_modules/caseless Completed in 2438ms
460 http fetch GET 200 https://registry.npmjs.org/bcrypt-pbkdf/-/bcrypt-pbkdf-1.0.2.tgz 2049ms (cache miss)
461 timing reifyNode:node_modules/bcrypt-pbkdf Completed in 2439ms
462 timing reifyNode:node_modules/type-fest Completed in 2503ms
463 timing reifyNode:node_modules/is-regex Completed in 2483ms
464 timing reifyNode:node_modules/http-signature Completed in 2481ms
465 timing reifyNode:node_modules/minimist Completed in 2500ms
466 timing reifyNode:node_modules/@babel/helpers Completed in 2458ms
467 http fetch GET 200 https://registry.npmjs.org/json-schema-traverse/-/json-schema-traverse-0.4.1.tgz 2153ms (cache miss)
468 timing reifyNode:node_modules/json-schema-traverse Completed in 2501ms
469 timing reifyNode:node_modules/esprima Completed in 2493ms
470 http fetch GET 200 https://registry.npmjs.org/performance-now/-/performance-now-2.1.0.tgz 2213ms (cache miss)
471 http fetch GET 200 https://registry.npmjs.org/ecc-jsbn/-/ecc-jsbn-0.1.2.tgz 2131ms (cache miss)
472 timing reifyNode:node_modules/ecc-jsbn Completed in 2515ms
473 http fetch GET 200 https://registry.npmjs.org/deep-equal/-/deep-equal-1.1.0.tgz 2129ms (cache miss)
474 http fetch GET 200 https://registry.npmjs.org/verror/-/verror-1.10.0.tgz 2249ms (cache miss)
475 timing reifyNode:node_modules/verror Completed in 2564ms
476 http fetch GET 200 https://registry.npmjs.org/asn1/-/asn1-0.2.4.tgz 2122ms (cache miss)
477 timing reifyNode:node_modules/asn1 Completed in 2517ms
478 http fetch GET 200 https://registry.npmjs.org/dashdash/-/dashdash-1.14.1.tgz 2148ms (cache miss)
479 timing reifyNode:node_modules/dashdash Completed in 2534ms
480 timing reifyNode:node_modules/nanoid Completed in 2565ms
481 http fetch GET 200 https://registry.npmjs.org/semver/-/semver-5.7.1.tgz 2254ms (cache miss)
482 timing reifyNode:node_modules/semver Completed in 2581ms
483 timing reifyNode:node_modules/performance-now Completed in 2580ms
484 http fetch GET 200 https://registry.npmjs.org/jsbn/-/jsbn-0.1.1.tgz 2212ms (cache miss)
485 timing reifyNode:node_modules/jsbn Completed in 2563ms
486 timing reifyNode:node_modules/deep-equal Completed in 2546ms
487 timing metavuln:cache:put:security-advisory:qs:rrWPBAw3evG2xU9T8UyCv5viKIoR1JsbUEXw4ObDb4ps1TxGju6VExbVAauDHeMk5nIqSMMMCx1BPSkPMao6zg== Completed in 249ms
488 timing metavuln:calculate:security-advisory:qs:1090135 Completed in 1279ms
489 timing metavuln:cache:put:security-advisory:qs:5YfNm966GbxTXuFNTEY+Y5maNecqD28JXWIMAZJ7rvKweRs2/Epcfx96rSbeb5OdXQVx2gyho/vu+hYKMw34VQ== Completed in 244ms
490 timing metavuln:calculate:security-advisory:qs:1090138 Completed in 1278ms
491 http fetch GET 200 https://registry.npmjs.org/extsprintf/-/extsprintf-1.3.0.tgz 2175ms (cache miss)
492 timing reifyNode:node_modules/extsprintf Completed in 2558ms
493 http fetch GET 200 https://registry.npmjs.org/debug/-/debug-4.1.1.tgz 2114ms (cache miss)
494 timing reifyNode:node_modules/express/node_modules/qs Completed in 2559ms
495 timing reifyNode:node_modules/body-parser/node_modules/qs Completed in 2548ms
496 http fetch GET 200 https://registry.npmjs.org/wordwrap/-/wordwrap-1.0.0.tgz 2291ms (cache miss)
497 timing reifyNode:node_modules/wordwrap Completed in 2602ms
498 timing reifyNode:node_modules/express Completed in 2567ms
499 http fetch GET 200 https://registry.npmjs.org/uuid/-/uuid-3.3.3.tgz 2292ms (cache miss)
500 timing reifyNode:node_modules/uuid Completed in 2608ms
501 timing reifyNode:node_modules/har-schema Completed in 2577ms
502 http fetch GET 200 https://registry.npmjs.org/fast-json-stable-stringify/-/fast-json-stable-stringify-2.1.0.tgz 2192ms (cache miss)
503 timing reifyNode:node_modules/nock/node_modules/debug Completed in 2599ms
504 http fetch GET 200 https://registry.npmjs.org/tough-cookie/-/tough-cookie-2.5.0.tgz 2293ms (cache miss)
505 timing reifyNode:node_modules/tough-cookie Completed in 2615ms
506 timing reifyNode:node_modules/nyc Completed in 2611ms
507 timing reifyNode:node_modules/@babel/generator Completed in 2562ms
508 timing reifyNode:node_modules/fast-json-stable-stringify Completed in 2592ms
509 timing reifyNode:node_modules/json5 Completed in 2622ms
510 http fetch GET 200 https://registry.npmjs.org/form-data/-/form-data-2.3.3.tgz 2170ms (cache miss)
511 timing reifyNode:node_modules/request/node_modules/form-data Completed in 2646ms
512 timing reifyNode:node_modules/@istanbuljs/load-nyc-config/node_modules/argparse Completed in 2632ms
513 timing reifyNode:node_modules/iconv-lite Completed in 2664ms
514 timing reifyNode:node_modules/workerpool Completed in 2716ms
515 http fetch GET 200 https://registry.npmjs.org/request 1418ms (cache miss)
516 timing metavuln:packument:request Completed in 1421ms
517 timing metavuln:load:security-advisory:request:1091459 Completed in 3ms
518 http fetch GET 200 https://registry.npmjs.org/qs/-/qs-6.5.2.tgz 2296ms (cache miss)
519 timing reifyNode:node_modules/request/node_modules/qs Completed in 2771ms
520 http fetch GET 200 https://registry.npmjs.org/readable-stream/-/readable-stream-2.3.6.tgz 2451ms (cache miss)
521 timing reifyNode:node_modules/readable-stream Completed in 2781ms
522 http fetch GET 200 https://registry.npmjs.org/tweetnacl/-/tweetnacl-0.14.5.tgz 2470ms (cache miss)
523 timing reifyNode:node_modules/tweetnacl Completed in 2791ms
524 http fetch GET 200 https://registry.npmjs.org/qs/-/qs-6.8.0.tgz 2463ms (cache miss)
525 timing reifyNode:node_modules/qs Completed in 2796ms
526 timing reifyNode:node_modules/superagent Completed in 2804ms
527 timing reifyNode:node_modules/@babel/traverse Completed in 2758ms
528 timing reifyNode:node_modules/js-yaml Completed in 2806ms
529 timing reifyNode:node_modules/diff Completed in 2790ms
530 timing metavuln:cache:put:security-advisory:request:BFji23dRqpNDTDt0PtAbs39ndHG4jIMV7Eu5lN+70e8OMGQebMyarAOHX0I4auPW1IGsxAq407Ifu+RBACRs9g== Completed in 92ms
531 timing metavuln:calculate:security-advisory:request:1091459 Completed in 1516ms
532 timing metavuln:cache:get:security-advisory:request:j5R5kWuenf7USzMMt5mOnap3wv7OYpw/bw7POP266JCilFTwH+Ln4E0UPKlJZCxeR8o6ySaGZk60ftmC65z8Pg== Completed in 4ms
533 timing metavuln:load:security-advisory:request:rrWPBAw3evG2xU9T8UyCv5viKIoR1JsbUEXw4ObDb4ps1TxGju6VExbVAauDHeMk5nIqSMMMCx1BPSkPMao6zg== Completed in 29ms
534 timing reifyNode:node_modules/@babel/generator/node_modules/source-map Completed in 2823ms
535 timing reifyNode:node_modules/source-map Completed in 2892ms
536 http fetch GET 200 https://registry.npmjs.org/request/-/request-2.88.2.tgz 2565ms (cache miss)
537 timing reifyNode:node_modules/request Completed in 2894ms
538 http fetch GET 200 https://registry.npmjs.org/psl/-/psl-1.8.0.tgz 2567ms (cache miss)
539 timing reifyNode:node_modules/psl Completed in 2901ms
540 timing reifyNode:node_modules/@istanbuljs/load-nyc-config/node_modules/js-yaml Completed in 2858ms
541 timing metavuln:cache:put:security-advisory:request:j5R5kWuenf7USzMMt5mOnap3wv7OYpw/bw7POP266JCilFTwH+Ln4E0UPKlJZCxeR8o6ySaGZk60ftmC65z8Pg== Completed in 57ms
542 timing metavuln:calculate:security-advisory:request:rrWPBAw3evG2xU9T8UyCv5viKIoR1JsbUEXw4ObDb4ps1TxGju6VExbVAauDHeMk5nIqSMMMCx1BPSkPMao6zg== Completed in 90ms
543 timing reifyNode:node_modules/nyc/node_modules/yargs Completed in 2942ms
544 timing reifyNode:node_modules/yargs Completed in 2969ms
545 timing metavuln:cache:get:security-advisory:body-parser:tNB9LlcJ7DzMd0cMlwHc6I9OLaQlZpKEAN94Rvc3zZUvYYWGqa4rF2Mqwjg3MIJ5HJZVNbqXWgscCy84jrKU/g== Completed in 45ms
546 timing metavuln:cache:get:security-advisory:express:j8JzSk+dp4eoSO7k9KPqDNXSWeQZuQeMLFfZ9lXlCzkTBefzH5YJStOkrdeBuhyiHlSMBR1HPe7yKSc5bmTVFA== Completed in 44ms
547 http fetch GET 200 https://registry.npmjs.org/nock/-/nock-10.0.6.tgz 2633ms (cache miss)
548 timing reifyNode:node_modules/nock Completed in 2967ms
549 http fetch GET 200 https://registry.npmjs.org/body-parser 75ms (cache hit)
550 timing metavuln:packument:body-parser Completed in 77ms
551 timing metavuln:load:security-advisory:body-parser:5JfVCrV4+n++/kE/U6tbz1htdIKthjszBZ/3DGOpXr4TrS2TWdskvqnfC0J2bHwpFaV2XKOnUs/VJfDAqg7rVw== Completed in 1ms
552 timing metavuln:calculate:security-advisory:body-parser:5JfVCrV4+n++/kE/U6tbz1htdIKthjszBZ/3DGOpXr4TrS2TWdskvqnfC0J2bHwpFaV2XKOnUs/VJfDAqg7rVw== Completed in 78ms
553 http fetch GET 200 https://registry.npmjs.org/express 77ms (cache hit)
554 timing metavuln:packument:express Completed in 82ms
555 timing metavuln:load:security-advisory:express:5JfVCrV4+n++/kE/U6tbz1htdIKthjszBZ/3DGOpXr4TrS2TWdskvqnfC0J2bHwpFaV2XKOnUs/VJfDAqg7rVw== Completed in 4ms
556 timing metavuln:calculate:security-advisory:express:5JfVCrV4+n++/kE/U6tbz1htdIKthjszBZ/3DGOpXr4TrS2TWdskvqnfC0J2bHwpFaV2XKOnUs/VJfDAqg7rVw== Completed in 86ms
557 timing metavuln:cache:get:security-advisory:nock:jQrePwzeXqPxcZ6XVEWkKHrB1pqZ83HiPPQn1DJxcXlECHwbEWefVHgwVuBGKRWYNvSw9cVg13W7WagIJrb2rg== Completed in 11ms
558 timing metavuln:cache:get:security-advisory:superagent:OozltzQbhvU0SK5NqFEavaCdgcYvn2/LJ5KWVOEuuDzlm2PumNdqRjOuzCv7mQf28Bj7uGtU+UBNqkxS/LI63A== Completed in 9ms
559 http fetch GET 200 https://registry.npmjs.org/sshpk/-/sshpk-1.16.1.tgz 2707ms (cache miss)
560 timing reifyNode:node_modules/sshpk Completed in 3032ms
561 timing reifyNode:node_modules/chai Completed in 2988ms
562 http fetch GET 200 https://registry.npmjs.org/express-handlebars/-/express-handlebars-6.0.2.tgz 2622ms (cache miss)
563 timing reifyNode:node_modules/express-handlebars Completed in 3020ms
564 timing reifyNode:node_modules/@babel/parser Completed in 3023ms
565 http fetch GET 200 https://registry.npmjs.org/superagent 80ms (cache hit)
566 timing metavuln:packument:superagent Completed in 85ms
567 timing metavuln:load:security-advisory:superagent:5YfNm966GbxTXuFNTEY+Y5maNecqD28JXWIMAZJ7rvKweRs2/Epcfx96rSbeb5OdXQVx2gyho/vu+hYKMw34VQ== Completed in 19ms
568 timing reifyNode:node_modules/istanbul-reports Completed in 3114ms
569 timing reifyNode:node_modules/@babel/core Completed in 3088ms
570 http fetch GET 200 https://registry.npmjs.org/uglify-js/-/uglify-js-3.9.2.tgz 2850ms (cache miss)
571 timing reifyNode:node_modules/uglify-js Completed in 3168ms
572 timing metavuln:cache:put:security-advisory:superagent:OozltzQbhvU0SK5NqFEavaCdgcYvn2/LJ5KWVOEuuDzlm2PumNdqRjOuzCv7mQf28Bj7uGtU+UBNqkxS/LI63A== Completed in 49ms
573 timing metavuln:calculate:security-advisory:superagent:5YfNm966GbxTXuFNTEY+Y5maNecqD28JXWIMAZJ7rvKweRs2/Epcfx96rSbeb5OdXQVx2gyho/vu+hYKMw34VQ== Completed in 156ms
574 http fetch GET 200 https://registry.npmjs.org/uri-js/-/uri-js-4.2.2.tgz 2871ms (cache miss)
575 timing reifyNode:node_modules/uri-js Completed in 3188ms
576 http fetch GET 200 https://registry.npmjs.org/neo-async/-/neo-async-2.6.1.tgz 2842ms (cache miss)
577 http fetch GET 200 https://registry.npmjs.org/nock 180ms (cache miss)
578 timing metavuln:packument:nock Completed in 188ms
579 timing metavuln:load:security-advisory:nock:5YfNm966GbxTXuFNTEY+Y5maNecqD28JXWIMAZJ7rvKweRs2/Epcfx96rSbeb5OdXQVx2gyho/vu+hYKMw34VQ== Completed in 12ms
580 timing reifyNode:node_modules/neo-async Completed in 3202ms
581 timing metavuln:cache:put:security-advisory:nock:jQrePwzeXqPxcZ6XVEWkKHrB1pqZ83HiPPQn1DJxcXlECHwbEWefVHgwVuBGKRWYNvSw9cVg13W7WagIJrb2rg== Completed in 23ms
582 timing metavuln:calculate:security-advisory:nock:5YfNm966GbxTXuFNTEY+Y5maNecqD28JXWIMAZJ7rvKweRs2/Epcfx96rSbeb5OdXQVx2gyho/vu+hYKMw34VQ== Completed in 225ms
583 timing metavuln:cache:get:security-advisory:superagent:v4XmEgjuBkBpiLo5I4SV16ElFl6TaCr+4OWq2jQCfpSR7t3vq29GwZ0D254lhsBHl/TfClBSkZa7fTu13c0xtQ== Completed in 20ms
584 timing metavuln:load:security-advisory:superagent:20tDwH6fYKn++PbMnx2tUulmtbaV/gdoUXXQX3IJ8Qzg+tx34k0HmLCCRQ68aR/TWyVmR5LbQdagWrak8dhhtw== Completed in 1ms
585 timing metavuln:calculate:security-advisory:superagent:20tDwH6fYKn++PbMnx2tUulmtbaV/gdoUXXQX3IJ8Qzg+tx34k0HmLCCRQ68aR/TWyVmR5LbQdagWrak8dhhtw== Completed in 21ms
586 timing metavuln:cache:get:security-advisory:@babel/core:+xD594M3TGMVotmR8kb8x7RHwZfXVcGcxc2XIAjR9XE/AYmpmtbGWVT6G7yTagx3NWYF1NpCjTGtS+RLGFT/OA== Completed in 12ms
587 http fetch GET 200 https://registry.npmjs.org/@babel%2fcore 32ms (cache hit)
588 timing metavuln:packument:@babel/core Completed in 35ms
589 timing metavuln:load:security-advisory:@babel/core:FewZk+r3gkr+fV8uxXGDeSUz6U/7loNmzSPStafhi2HfxbrTr6+c3xvaqFCGJ9GwgOajYr1Jm+TkOPENfRkOPw== Completed in 0ms
590 timing metavuln:calculate:security-advisory:@babel/core:FewZk+r3gkr+fV8uxXGDeSUz6U/7loNmzSPStafhi2HfxbrTr6+c3xvaqFCGJ9GwgOajYr1Jm+TkOPENfRkOPw== Completed in 35ms
591 timing metavuln:cache:get:security-advisory:glob:7bg/8fDuiVB8L9eUMPJxYeLVISuUtkyZBu4nuPj3JlFgHfwRDUTXqJGF6FkYPsK2qW3lzTU9RaND5V2qRzjAXA== Completed in 17ms
592 timing metavuln:cache:get:security-advisory:mocha:kw83dBQhL6x8CHi6KTEc0QGLU3wRRI2DkZvQE4lyjHyXKZUG1BmdCtO1NzUG6jYVRehhpzoIm3uLh4VSgnkh8w== Completed in 17ms
593 timing metavuln:cache:get:security-advisory:test-exclude:FWZvhv+rkeQCuNrY3Tduo/B53OG4oKbFOZQqhrCcEmJIoUKf622Jtv664KGI5AoYp62hXAJ4kBq3RBe+Id3v3w== Completed in 16ms
594 http fetch GET 200 https://registry.npmjs.org/ajv/-/ajv-6.12.6.tgz 2883ms (cache miss)
595 http fetch GET 200 https://registry.npmjs.org/mocha 44ms (cache hit)
596 timing metavuln:packument:mocha Completed in 52ms
597 timing metavuln:load:security-advisory:mocha:S5+Js3meY0qRszNElkXnCazKgbbbzGIyrG7ktvG3xQfp8dnhcBxsD5WFYwD/IyJDHetpiaS9EtV2pvsSOwZcTg== Completed in 1ms
598 timing metavuln:calculate:security-advisory:mocha:S5+Js3meY0qRszNElkXnCazKgbbbzGIyrG7ktvG3xQfp8dnhcBxsD5WFYwD/IyJDHetpiaS9EtV2pvsSOwZcTg== Completed in 53ms
599 http fetch GET 200 https://registry.npmjs.org/glob 53ms (cache hit)
600 timing metavuln:packument:glob Completed in 56ms
601 timing metavuln:load:security-advisory:glob:S5+Js3meY0qRszNElkXnCazKgbbbzGIyrG7ktvG3xQfp8dnhcBxsD5WFYwD/IyJDHetpiaS9EtV2pvsSOwZcTg== Completed in 0ms
602 timing metavuln:calculate:security-advisory:glob:S5+Js3meY0qRszNElkXnCazKgbbbzGIyrG7ktvG3xQfp8dnhcBxsD5WFYwD/IyJDHetpiaS9EtV2pvsSOwZcTg== Completed in 56ms
603 http fetch GET 200 https://registry.npmjs.org/test-exclude 54ms (cache hit)
604 timing metavuln:packument:test-exclude Completed in 56ms
605 timing metavuln:load:security-advisory:test-exclude:S5+Js3meY0qRszNElkXnCazKgbbbzGIyrG7ktvG3xQfp8dnhcBxsD5WFYwD/IyJDHetpiaS9EtV2pvsSOwZcTg== Completed in 0ms
606 timing metavuln:calculate:security-advisory:test-exclude:S5+Js3meY0qRszNElkXnCazKgbbbzGIyrG7ktvG3xQfp8dnhcBxsD5WFYwD/IyJDHetpiaS9EtV2pvsSOwZcTg== Completed in 56ms
607 timing reifyNode:node_modules/ajv Completed in 3337ms
608 timing metavuln:cache:get:security-advisory:express:vpTdEKI0W96TefM00CHKkXq16liW2itmvuOQ+cmpyJ+rRV0pX7/42dpaSX4LaYBlKmMU+SrIPmuFniFK4ZETig== Completed in 76ms
609 timing metavuln:load:security-advisory:express:tNB9LlcJ7DzMd0cMlwHc6I9OLaQlZpKEAN94Rvc3zZUvYYWGqa4rF2Mqwjg3MIJ5HJZVNbqXWgscCy84jrKU/g== Completed in 2ms
610 timing metavuln:calculate:security-advisory:express:tNB9LlcJ7DzMd0cMlwHc6I9OLaQlZpKEAN94Rvc3zZUvYYWGqa4rF2Mqwjg3MIJ5HJZVNbqXWgscCy84jrKU/g== Completed in 78ms
611 timing auditReport:init Completed in 2149ms
612 timing reify:audit Completed in 3476ms
613 timing reifyNode:node_modules/@babel/types Completed in 3425ms
614 timing reifyNode:node_modules/mocha Completed in 3549ms
615 http fetch GET 200 https://registry.npmjs.org/handlebars/-/handlebars-4.7.7.tgz 3227ms (cache miss)
616 timing reifyNode:node_modules/handlebars Completed in 3588ms
617 timing reifyNode:node_modules/caniuse-lite Completed in 3887ms
618 http fetch GET 200 https://registry.npmjs.org/lodash/-/lodash-4.17.21.tgz 3622ms (cache miss)
619 timing reifyNode:node_modules/lodash Completed in 3957ms
620 timing reify:unpack Completed in 3980ms
621 timing reify:unretire Completed in 0ms
622 timing build:queue Completed in 15ms
623 timing build:link:node_modules/@babel/parser Completed in 11ms
624 timing build:link:node_modules/@babel/core/node_modules/semver Completed in 8ms
625 timing build:link:node_modules/@babel/helper-compilation-targets/node_modules/semver Completed in 8ms
626 timing build:link:node_modules/@istanbuljs/load-nyc-config/node_modules/js-yaml Completed in 8ms
627 timing build:link:node_modules/istanbul-lib-instrument/node_modules/semver Completed in 9ms
628 timing build:link:node_modules/make-dir/node_modules/semver Completed in 9ms
629 timing build:link:node_modules/browserslist Completed in 12ms
630 timing build:link:node_modules/esprima Completed in 12ms
631 timing build:link:node_modules/flat Completed in 12ms
632 timing build:link:node_modules/handlebars Completed in 12ms
633 timing build:link:node_modules/he Completed in 11ms
634 timing build:link:node_modules/js-yaml Completed in 11ms
635 timing build:link:node_modules/jsesc Completed in 11ms
636 timing build:link:node_modules/json5 Completed in 11ms
637 timing build:link:node_modules/mime Completed in 11ms
638 timing build:link:node_modules/mkdirp Completed in 11ms
639 timing build:link:node_modules/mocha Completed in 10ms
640 timing build:link:node_modules/nanoid Completed in 10ms
641 timing build:link:node_modules/nyc Completed in 10ms
642 timing build:link:node_modules/rimraf Completed in 10ms
643 timing build:link:node_modules/semver Completed in 10ms
644 timing build:link:node_modules/sshpk Completed in 10ms
645 timing build:link:node_modules/uglify-js Completed in 10ms
646 timing build:link:node_modules/uuid Completed in 10ms
647 timing build:link:node_modules/which Completed in 9ms
648 timing build:link Completed in 13ms
649 timing build:deps Completed in 29ms
650 timing build Completed in 30ms
651 timing reify:build Completed in 31ms
652 timing reify:trash Completed in 1ms
653 timing reify:save Completed in 117ms
654 timing reify Completed in 4589ms
655 silly ADD node_modules/yocto-queue
656 silly ADD node_modules/yargs-unparser
657 silly ADD node_modules/yargs-unparser/node_modules/decamelize
658 silly ADD node_modules/yargs-unparser/node_modules/camelcase
659 silly ADD node_modules/yargs-parser
660 silly ADD node_modules/yargs
661 silly ADD node_modules/y18n
662 silly ADD node_modules/write-file-atomic
663 silly ADD node_modules/wrappy
664 silly ADD node_modules/wrap-ansi
665 silly ADD node_modules/workerpool
666 silly ADD node_modules/wordwrap
667 silly ADD node_modules/which-module
668 silly ADD node_modules/which
669 silly ADD node_modules/verror
670 silly ADD node_modules/vary
671 silly ADD node_modules/uuid
672 silly ADD node_modules/utils-merge
673 silly ADD node_modules/util-deprecate
674 silly ADD node_modules/uri-js
675 silly ADD node_modules/unpipe
676 silly ADD node_modules/uglify-js
677 silly ADD node_modules/typedarray-to-buffer
678 silly ADD node_modules/type-is
679 silly ADD node_modules/type-fest
680 silly ADD node_modules/type-detect
681 silly ADD node_modules/tweetnacl
682 silly ADD node_modules/tunnel-agent
683 silly ADD node_modules/tough-cookie
684 silly ADD node_modules/toidentifier
685 silly ADD node_modules/to-regex-range
686 silly ADD node_modules/to-fast-properties
687 silly ADD node_modules/test-exclude
688 silly ADD node_modules/supports-color
689 silly ADD node_modules/supertest
690 silly ADD node_modules/superagent
691 silly ADD node_modules/strip-json-comments
692 silly ADD node_modules/strip-bom
693 silly ADD node_modules/strip-ansi
694 silly ADD node_modules/string-width
695 silly ADD node_modules/string_decoder
696 silly ADD node_modules/statuses
697 silly ADD node_modules/sshpk
698 silly ADD node_modules/sprintf-js
699 silly ADD node_modules/spawn-wrap
700 silly ADD node_modules/source-map
701 silly ADD node_modules/signal-exit
702 silly ADD node_modules/shebang-regex
703 silly ADD node_modules/shebang-command
704 silly ADD node_modules/setprototypeof
705 silly ADD node_modules/set-blocking
706 silly ADD node_modules/serve-static
707 silly ADD node_modules/serialize-javascript
708 silly ADD node_modules/send
709 silly ADD node_modules/send/node_modules/debug
710 silly ADD node_modules/send/node_modules/debug/node_modules/ms
711 silly ADD node_modules/semver
712 silly ADD node_modules/safer-buffer
713 silly ADD node_modules/safe-buffer
714 silly ADD node_modules/rimraf
715 silly ADD node_modules/resolve-from
716 silly ADD node_modules/require-main-filename
717 silly ADD node_modules/require-directory
718 silly ADD node_modules/request
719 silly ADD node_modules/request/node_modules/qs
720 silly ADD node_modules/request/node_modules/form-data
721 silly ADD node_modules/release-zalgo
722 silly ADD node_modules/regexp.prototype.flags
723 silly ADD node_modules/readdirp
724 silly ADD node_modules/readable-stream
725 silly ADD node_modules/raw-body
726 silly ADD node_modules/range-parser
727 silly ADD node_modules/randombytes
728 silly ADD node_modules/qs
729 silly ADD node_modules/punycode
730 silly ADD node_modules/psl
731 silly ADD node_modules/proxy-addr
732 silly ADD node_modules/propagate
733 silly ADD node_modules/process-on-spawn
734 silly ADD node_modules/process-nextick-args
735 silly ADD node_modules/pkg-dir
736 silly ADD node_modules/pkg-dir/node_modules/p-locate
737 silly ADD node_modules/pkg-dir/node_modules/p-limit
738 silly ADD node_modules/pkg-dir/node_modules/locate-path
739 silly ADD node_modules/pkg-dir/node_modules/find-up
740 silly ADD node_modules/picomatch
741 silly ADD node_modules/picocolors
742 silly ADD node_modules/performance-now
743 silly ADD node_modules/pathval
744 silly ADD node_modules/path-to-regexp
745 silly ADD node_modules/path-key
746 silly ADD node_modules/path-is-absolute
747 silly ADD node_modules/path-exists
748 silly ADD node_modules/parseurl
749 silly ADD node_modules/package-hash
750 silly ADD node_modules/p-try
751 silly ADD node_modules/p-map
752 silly ADD node_modules/p-locate
753 silly ADD node_modules/p-limit
754 silly ADD node_modules/once
755 silly ADD node_modules/on-finished
756 silly ADD node_modules/object-keys
757 silly ADD node_modules/object-is
758 silly ADD node_modules/oauth-sign
759 silly ADD node_modules/nyc
760 silly ADD node_modules/nyc/node_modules/yargs-parser
761 silly ADD node_modules/nyc/node_modules/yargs
762 silly ADD node_modules/nyc/node_modules/y18n
763 silly ADD node_modules/nyc/node_modules/wrap-ansi
764 silly ADD node_modules/nyc/node_modules/p-locate
765 silly ADD node_modules/nyc/node_modules/p-limit
766 silly ADD node_modules/nyc/node_modules/locate-path
767 silly ADD node_modules/nyc/node_modules/find-up
768 silly ADD node_modules/nyc/node_modules/cliui
769 silly ADD node_modules/normalize-path
770 silly ADD node_modules/node-releases
771 silly ADD node_modules/node-preload
772 silly ADD node_modules/nock
773 silly ADD node_modules/nock/node_modules/debug
774 silly ADD node_modules/neo-async
775 silly ADD node_modules/negotiator
776 silly ADD node_modules/nanoid
777 silly ADD node_modules/ms
778 silly ADD node_modules/mocha
779 silly ADD node_modules/mocha/node_modules/ms
780 silly ADD node_modules/mocha/node_modules/debug
781 silly ADD node_modules/mocha/node_modules/debug/node_modules/ms
782 silly ADD node_modules/mkdirp
783 silly ADD node_modules/minimist
784 silly ADD node_modules/minimatch
785 silly ADD node_modules/mime-types
786 silly ADD node_modules/mime-db
787 silly ADD node_modules/mime
788 silly ADD node_modules/methods
789 silly ADD node_modules/merge-descriptors
790 silly ADD node_modules/media-typer
791 silly ADD node_modules/make-dir
792 silly ADD node_modules/make-dir/node_modules/semver
793 silly ADD node_modules/log-symbols
794 silly ADD node_modules/lodash.flattendeep
795 silly ADD node_modules/lodash
796 silly ADD node_modules/locate-path
797 silly ADD node_modules/jsprim
798 silly ADD node_modules/json5
799 silly ADD node_modules/json-stringify-safe
800 silly ADD node_modules/json-schema-traverse
801 silly ADD node_modules/json-schema
802 silly ADD node_modules/jsesc
803 silly ADD node_modules/jsbn
804 silly ADD node_modules/js-yaml
805 silly ADD node_modules/js-tokens
806 silly ADD node_modules/istanbul-reports
807 silly ADD node_modules/istanbul-lib-source-maps
808 silly ADD node_modules/istanbul-lib-source-maps/node_modules/ms
809 silly ADD node_modules/istanbul-lib-source-maps/node_modules/debug
810 silly ADD node_modules/istanbul-lib-report
811 silly ADD node_modules/istanbul-lib-report/node_modules/supports-color
812 silly ADD node_modules/istanbul-lib-processinfo
813 silly ADD node_modules/istanbul-lib-instrument
814 silly ADD node_modules/istanbul-lib-instrument/node_modules/semver
815 silly ADD node_modules/istanbul-lib-hook
816 silly ADD node_modules/istanbul-lib-coverage
817 silly ADD node_modules/isstream
818 silly ADD node_modules/isexe
819 silly ADD node_modules/isarray
820 silly ADD node_modules/is-windows
821 silly ADD node_modules/is-unicode-supported
822 silly ADD node_modules/is-typedarray
823 silly ADD node_modules/is-stream
824 silly ADD node_modules/is-regex
825 silly ADD node_modules/is-plain-obj
826 silly ADD node_modules/is-number
827 silly ADD node_modules/is-glob
828 silly ADD node_modules/is-fullwidth-code-point
829 silly ADD node_modules/is-extglob
830 silly ADD node_modules/is-date-object
831 silly ADD node_modules/is-binary-path
832 silly ADD node_modules/is-arguments
833 silly ADD node_modules/ipaddr.js
834 silly ADD node_modules/inherits
835 silly ADD node_modules/inflight
836 silly ADD node_modules/indent-string
837 silly ADD node_modules/imurmurhash
838 silly ADD node_modules/iconv-lite
839 silly ADD node_modules/http-signature
840 silly ADD node_modules/http-errors
841 silly ADD node_modules/http-errors/node_modules/inherits
842 silly ADD node_modules/html-escaper
843 silly ADD node_modules/he
844 silly ADD node_modules/hasha
845 silly ADD node_modules/has-flag
846 silly ADD node_modules/has
847 silly ADD node_modules/har-validator
848 silly ADD node_modules/har-schema
849 silly ADD node_modules/handlebars
850 silly ADD node_modules/growl
851 silly ADD node_modules/graceful-fs
852 silly ADD node_modules/globals
853 silly ADD node_modules/glob-parent
854 silly ADD node_modules/glob
855 silly ADD node_modules/getpass
856 silly ADD node_modules/get-package-type
857 silly ADD node_modules/get-func-name
858 silly ADD node_modules/get-caller-file
859 silly ADD node_modules/gensync
860 silly ADD node_modules/function-bind
861 silly ADD
862 silly ADD node_modules/fs.realpath
863 silly ADD node_modules/fromentries
864 silly ADD node_modules/fresh
865 silly ADD node_modules/forwarded
866 silly ADD node_modules/formidable
867 silly ADD node_modules/form-data
868 silly ADD node_modules/forever-agent
869 silly ADD node_modules/foreground-child
870 silly ADD node_modules/flat
871 silly ADD node_modules/find-up
872 silly ADD node_modules/find-cache-dir
873 silly ADD node_modules/finalhandler
874 silly ADD node_modules/finalhandler/node_modules/ms
875 silly ADD node_modules/finalhandler/node_modules/debug
876 silly ADD node_modules/fill-range
877 silly ADD node_modules/fast-json-stable-stringify
878 silly ADD node_modules/fast-deep-equal
879 silly ADD node_modules/extsprintf
880 silly ADD node_modules/extend
881 silly ADD node_modules/express-handlebars
882 silly ADD node_modules/express
883 silly ADD node_modules/express/node_modules/qs
884 silly ADD node_modules/express/node_modules/ms
885 silly ADD node_modules/express/node_modules/debug
886 silly ADD node_modules/etag
887 silly ADD node_modules/esprima
888 silly ADD node_modules/escape-string-regexp
889 silly ADD node_modules/escape-html
890 silly ADD node_modules/escalade
891 silly ADD node_modules/es6-error
892 silly ADD node_modules/encodeurl
893 silly ADD node_modules/emoji-regex
894 silly ADD node_modules/electron-to-chromium
895 silly ADD node_modules/ee-first
896 silly ADD node_modules/ecc-jsbn
897 silly ADD node_modules/diff
898 silly ADD node_modules/destroy
899 silly ADD node_modules/depd
900 silly ADD node_modules/delayed-stream
901 silly ADD node_modules/define-properties
902 silly ADD node_modules/default-require-extensions
903 silly ADD node_modules/deep-equal
904 silly ADD node_modules/deep-eql
905 silly ADD node_modules/decamelize
906 silly ADD node_modules/debug
907 silly ADD node_modules/dashdash
908 silly ADD node_modules/cross-spawn
909 silly ADD node_modules/core-util-is
910 silly ADD node_modules/cookiejar
911 silly ADD node_modules/cookie-signature
912 silly ADD node_modules/cookie
913 silly ADD node_modules/convert-source-map
914 silly ADD node_modules/content-type
915 silly ADD node_modules/content-disposition
916 silly ADD node_modules/concat-map
917 silly ADD node_modules/component-emitter
918 silly ADD node_modules/commondir
919 silly ADD node_modules/commander
920 silly ADD node_modules/combined-stream
921 silly ADD node_modules/color-name
922 silly ADD node_modules/color-convert
923 silly ADD node_modules/cliui
924 silly ADD node_modules/clean-stack
925 silly ADD node_modules/chokidar
926 silly ADD node_modules/check-error
927 silly ADD node_modules/chalk
928 silly ADD node_modules/chalk/node_modules/supports-color
929 silly ADD node_modules/chai
930 silly ADD node_modules/caseless
931 silly ADD node_modules/caniuse-lite
932 silly ADD node_modules/camelcase
933 silly ADD node_modules/caching-transform
934 silly ADD node_modules/bytes
935 silly ADD node_modules/browserslist
936 silly ADD node_modules/browser-stdout
937 silly ADD node_modules/braces
938 silly ADD node_modules/brace-expansion
939 silly ADD node_modules/body-parser
940 silly ADD node_modules/body-parser/node_modules/qs
941 silly ADD node_modules/body-parser/node_modules/ms
942 silly ADD node_modules/body-parser/node_modules/debug
943 silly ADD node_modules/binary-extensions
944 silly ADD node_modules/bcrypt-pbkdf
945 silly ADD node_modules/balanced-match
946 silly ADD node_modules/aws4
947 silly ADD node_modules/aws-sign2
948 silly ADD node_modules/asynckit
949 silly ADD node_modules/assertion-error
950 silly ADD node_modules/assert-plus
951 silly ADD node_modules/asn1
952 silly ADD node_modules/array-flatten
953 silly ADD node_modules/argparse
954 silly ADD node_modules/archy
955 silly ADD node_modules/append-transform
956 silly ADD node_modules/anymatch
957 silly ADD node_modules/ansi-styles
958 silly ADD node_modules/ansi-regex
959 silly ADD node_modules/ansi-colors
960 silly ADD node_modules/ajv
961 silly ADD node_modules/aggregate-error
962 silly ADD node_modules/accepts
963 silly ADD node_modules/@ungap/promise-all-settled
964 silly ADD node_modules/@jridgewell/trace-mapping
965 silly ADD node_modules/@jridgewell/sourcemap-codec
966 silly ADD node_modules/@jridgewell/resolve-uri
967 silly ADD node_modules/@istanbuljs/schema
968 silly ADD node_modules/@istanbuljs/load-nyc-config
969 silly ADD node_modules/@istanbuljs/load-nyc-config/node_modules/p-locate
970 silly ADD node_modules/@istanbuljs/load-nyc-config/node_modules/p-limit
971 silly ADD node_modules/@istanbuljs/load-nyc-config/node_modules/locate-path
972 silly ADD node_modules/@istanbuljs/load-nyc-config/node_modules/js-yaml
973 silly ADD node_modules/@istanbuljs/load-nyc-config/node_modules/find-up
974 silly ADD node_modules/@istanbuljs/load-nyc-config/node_modules/argparse
975 silly ADD node_modules/@babel/types
976 silly ADD node_modules/@babel/traverse
977 silly ADD node_modules/@babel/traverse/node_modules/ms
978 silly ADD node_modules/@babel/traverse/node_modules/debug
979 silly ADD node_modules/@babel/template
980 silly ADD node_modules/@babel/parser
981 silly ADD node_modules/@babel/highlight
982 silly ADD node_modules/@babel/highlight/node_modules/supports-color
983 silly ADD node_modules/@babel/highlight/node_modules/has-flag
984 silly ADD node_modules/@babel/highlight/node_modules/escape-string-regexp
985 silly ADD node_modules/@babel/highlight/node_modules/color-name
986 silly ADD node_modules/@babel/highlight/node_modules/color-convert
987 silly ADD node_modules/@babel/highlight/node_modules/chalk
988 silly ADD node_modules/@babel/highlight/node_modules/ansi-styles
989 silly ADD node_modules/@babel/helpers
990 silly ADD node_modules/@babel/helper-validator-option
991 silly ADD node_modules/@babel/helper-validator-identifier
992 silly ADD node_modules/@babel/helper-split-export-declaration
993 silly ADD node_modules/@babel/helper-simple-access
994 silly ADD node_modules/@babel/helper-module-transforms
995 silly ADD node_modules/@babel/helper-module-imports
996 silly ADD node_modules/@babel/helper-hoist-variables
997 silly ADD node_modules/@babel/helper-get-function-arity
998 silly ADD node_modules/@babel/helper-function-name
999 silly ADD node_modules/@babel/helper-environment-visitor
1000 silly ADD node_modules/@babel/helper-compilation-targets
1001 silly ADD node_modules/@babel/helper-compilation-targets/node_modules/semver
1002 silly ADD node_modules/@babel/generator
1003 silly ADD node_modules/@babel/generator/node_modules/source-map
1004 silly ADD node_modules/@babel/core
1005 silly ADD node_modules/@babel/core/node_modules/semver
1006 silly ADD node_modules/@babel/core/node_modules/ms
1007 silly ADD node_modules/@babel/core/node_modules/debug
1008 silly ADD node_modules/@babel/compat-data
1009 silly ADD node_modules/@babel/code-frame
1010 silly ADD node_modules/@ampproject/remapping
1011 timing command:install Completed in 4630ms
1012 verbose exit 0
1013 timing npm Completed in 4667ms
1014 info ok
